#
# A fatal error has been detected by the Java Runtime Environment:
#
#  EXCEPTION_ACCESS_VIOLATION (0xc0000005) at pc=0x00007ffb8d63b0e6, pid=11188, tid=15212
#
# JRE version: Java(TM) SE Runtime Environment (22.0.2+9) (build 22.0.2+9-70)
# Java VM: Java HotSpot(TM) 64-Bit Server VM (22.0.2+9-70, mixed mode, sharing, tiered, compressed oops, compressed class ptrs, g1 gc, windows-amd64)
# Problematic frame:
# C  [awt.dll+0xdb0e6]
#
# No core dump will be written. Minidumps are not enabled by default on client versions of Windows
#
# If you would like to submit a bug report, please visit:
#   https://bugreport.java.com/bugreport/crash.jsp
# The crash happened outside the Java Virtual Machine in native code.
# See problematic frame for where to report the bug.
#

---------------  S U M M A R Y ------------

Command Line: -Dfile.encoding=UTF-8 --module-path=C:\Users\theoc\Documents\NetBeansProjects\Assignment-Two\build\classes controller.Main

Host: Intel(R) Core(TM) i5-5200U CPU @ 2.20GHz, 4 cores, 7G,  Windows 10 , 64 bit Build 19041 (10.0.19041.5794)
Time: Wed Jun 11 23:05:19 2025 New Zealand Standard Time elapsed time: 309.125192 seconds (0d 0h 5m 9s)

---------------  T H R E A D  ---------------

Current thread (0x000002b6040c2570):  JavaThread "AWT-EventQueue-0"        [_thread_in_native, id=15212, stack(0x000000ea9a800000,0x000000ea9a900000) (1024K)]

Stack: [0x000000ea9a800000,0x000000ea9a900000],  sp=0x000000ea9a8fe8c0,  free space=1018k
Native frames: (J=compiled Java code, j=interpreted, Vv=VM code, C=native code)
C  [awt.dll+0xdb0e6]  (no source info available)
C  [awt.dll+0xdc922]  (no source info available)
C  0x000002b5b1d2cfc7  (no source info available)

The last pc belongs to native method entry point (kind = native) (printed below).
Java frames: (J=compiled Java code, j=interpreted, Vv=VM code)
j  sun.awt.Win32GraphicsDevice.initNativeScale(I)V+0 java.desktop@22.0.2
j  sun.awt.Win32GraphicsDevice.initScaleFactors()V+60 java.desktop@22.0.2
j  sun.awt.Win32GraphicsDevice.displayChanged()V+16 java.desktop@22.0.2
j  sun.awt.Win32GraphicsEnvironment.displayChanged()V+271 java.desktop@22.0.2
j  sun.awt.windows.WToolkit.lambda$displayChanged$4()V+15 java.desktop@22.0.2
j  sun.awt.windows.WToolkit$$Lambda+0x000002b5c00e8558.run()V+0 java.desktop@22.0.2
j  java.awt.event.InvocationEvent.dispatch()V+47 java.desktop@22.0.2
j  java.awt.EventQueue.dispatchEventImpl(Ljava/awt/AWTEvent;Ljava/lang/Object;)V+21 java.desktop@22.0.2
j  java.awt.EventQueue$4.run()Ljava/lang/Void;+32 java.desktop@22.0.2
j  java.awt.EventQueue$4.run()Ljava/lang/Object;+1 java.desktop@22.0.2
J 929 c1 java.security.ProtectionDomain$JavaSecurityAccessImpl.doIntersectionPrivilege(Ljava/security/PrivilegedAction;Ljava/security/AccessControlContext;Ljava/security/AccessControlContext;)Ljava/lang/Object; java.base@22.0.2 (22 bytes) @ 0x000002b5aa921864 [0x000002b5aa9215c0+0x00000000000002a4]
j  java.awt.EventQueue.dispatchEvent(Ljava/awt/AWTEvent;)V+46 java.desktop@22.0.2
j  java.awt.EventDispatchThread.pumpOneEventForFilters(I)V+81 java.desktop@22.0.2
j  java.awt.EventDispatchThread.pumpEventsForFilter(ILjava/awt/Conditional;Ljava/awt/EventFilter;)V+35 java.desktop@22.0.2
j  java.awt.EventDispatchThread.pumpEventsForHierarchy(ILjava/awt/Conditional;Ljava/awt/Component;)V+11 java.desktop@22.0.2
j  java.awt.EventDispatchThread.pumpEvents(ILjava/awt/Conditional;)V+4 java.desktop@22.0.2
j  java.awt.EventDispatchThread.pumpEvents(Ljava/awt/Conditional;)V+3 java.desktop@22.0.2
j  java.awt.EventDispatchThread.run()V+9 java.desktop@22.0.2
v  ~StubRoutines::call_stub 0x000002b5b1d2100d

siginfo: EXCEPTION_ACCESS_VIOLATION (0xc0000005), reading address 0x00006b6e696c6ec5


Registers:
RAX=0x00006b6e696c6e75, RBX=0x000002b6079e7c80, RCX=0x00006b6e696c6e75, RDX=0x0000000000000000
RSP=0x000000ea9a8fe8c0, RBP=0x000000ea9a8fe9a0, RSI=0x0000000000000000, RDI=0x0000000000000000
R8 =0x0000000000000001, R9 =0x0000000089221940, R10=0x000002b5b1d2cf98, R11=0x0000000000000100
R12=0x0000000000000000, R13=0x000002b600244648, R14=0x000000ea9a8fe9c8, R15=0x000002b6040c2570
RIP=0x00007ffb8d63b0e6, EFLAGS=0x0000000000010206


Register to memory mapping:

RAX=0x00006b6e696c6e75 is an unknown value
RBX=0x000002b6079e7c80 points into unknown readable memory: 0x000002b60431e700 | 00 e7 31 04 b6 02 00 00
RCX=0x00006b6e696c6e75 is an unknown value
RDX=0x0 is null
RSP=0x000000ea9a8fe8c0 is pointing into the stack for thread: 0x000002b6040c2570
RBP=0x000000ea9a8fe9a0 is pointing into the stack for thread: 0x000002b6040c2570
RSI=0x0 is null
RDI=0x0 is null
R8 =0x0000000000000001 is an unknown value
R9 =0x0000000089221940 is an oop: java.lang.Class 
{0x0000000089221940} - klass: 'java/lang/Class'
 - ---- fields (total size 16 words):
 - private volatile transient 'classRedefinedCount' 'I' @12  0 (0x00000000)
 - injected 'klass' 'J' @16  2979633986304 (0x000002b5c0067b00)
 - injected 'array_klass' 'J' @24  0 (0x0000000000000000)
 - injected 'oop_size' 'I' @32  16 (0x00000010)
 - injected 'static_oop_field_count' 'I' @36  0 (0x00000000)
 - private volatile transient 'cachedConstructor' 'Ljava/lang/reflect/Constructor;' @40  null (0x00000000)
 - private transient 'name' 'Ljava/lang/String;' @44  null (0x00000000)
 - private transient 'module' 'Ljava/lang/Module;' @48  a 'java/lang/Module'{0x000000008932d740} (0x8932d740)
 - private final 'classLoader' 'Ljava/lang/ClassLoader;' @52  null (0x00000000)
 - private transient 'classData' 'Ljava/lang/Object;' @56  null (0x00000000)
 - private transient 'packageName' 'Ljava/lang/String;' @60  null (0x00000000)
 - private final 'componentType' 'Ljava/lang/Class;' @64  null (0x00000000)
 - private volatile transient 'reflectionData' 'Ljava/lang/ref/SoftReference;' @68  null (0x00000000)
 - private volatile transient 'genericInfo' 'Lsun/reflect/generics/repository/ClassRepository;' @72  null (0x00000000)
 - private volatile transient 'enumConstants' '[Ljava/lang/Object;' @76  null (0x00000000)
 - private volatile transient 'enumConstantDirectory' 'Ljava/util/Map;' @80  null (0x00000000)
 - private volatile transient 'annotationData' 'Ljava/lang/Class$AnnotationData;' @84  null (0x00000000)
 - private volatile transient 'annotationType' 'Lsun/reflect/annotation/AnnotationType;' @88  null (0x00000000)
 - transient 'classValueMap' 'Ljava/lang/ClassValue$ClassValueMap;' @92  null (0x00000000)
 - injected 'protection_domain' 'Ljava/lang/Object;' @96  null (0x00000000)
 - injected 'signers_name' 'Ljava/lang/Object;' @100  null (0x00000000)
 - injected 'source_file' 'Ljava/lang/Object;' @104  null (0x00000000)
 - signature: Lsun/awt/Win32GraphicsEnvironment;
 - ---- static fields (0):
 - static final 'debugScaleX' 'F' @112  -1.000000 (0xbf800000)
 - static final 'debugScaleY' 'F' @116  -1.000000 (0xbf800000)
 - private static volatile 'isDWMCompositionEnabled' 'Z' @120  true (0x01)
 - static final synthetic '$assertionsDisabled' 'Z' @121  true (0x01)
R10=0x000002b5b1d2cf98 is at code_begin+1016 in an Interpreter codelet
native method entry point (kind = native)  [0x000002b5b1d2cba0, 0x000002b5b1d2d6c0]  2848 bytes
R11=0x0000000000000100 is an unknown value
R12=0x0 is null
R13={method} {0x000002b600244650} 'initNativeScale' '(I)V' in 'sun/awt/Win32GraphicsDevice'
R14=0x000000ea9a8fe9c8 is pointing into the stack for thread: 0x000002b6040c2570
R15=0x000002b6040c2570 is a thread

Top of Stack: (sp=0x000000ea9a8fe8c0)
0x000000ea9a8fe8c0:   000002b600784250 00007ffb56f94f7c
0x000000ea9a8fe8d0:   000002b6079e7c80 0000000000000000
0x000000ea9a8fe8e0:   000002b6079e7c80 00007ffb8d63c922
0x000000ea9a8fe8f0:   00007ffb8d699848 000002b600244648
0x000000ea9a8fe900:   000000ea9a8fe9b0 000002b5bea71590
0x000000ea9a8fe910:   000002b5b1d28a5a 000002b5b1d2cfc7
0x000000ea9a8fe920:   000002b600244648 000002b5b1d3ad87
0x000000ea9a8fe930:   000002b6040c2570 000002b5b1d28a5a
0x000000ea9a8fe940:   0000000000000000 00007ffb574073d9
0x000000ea9a8fe950:   000000ea9a8fea90 fffffffffffffff7
0x000000ea9a8fe960:   0000000000000000 0000000000000005
0x000000ea9a8fe970:   000002b600247d10 0000000000000000
0x000000ea9a8fe980:   0000000089253388 000002b600244648
0x000000ea9a8fe990:   0000000000000000 000000ea9a8fe9c0
0x000000ea9a8fe9a0:   000000ea9a8fea18 000002b5b1d288c0
0x000000ea9a8fe9b0:   0000000000000000 000002b5b1d2a517
0x000000ea9a8fe9c0:   0000000000000000 0000000089261fd8
0x000000ea9a8fe9d0:   fffffffffffffff7 000002b600244c9c
0x000000ea9a8fe9e0:   0000000000000002 000002b600247d10
0x000000ea9a8fe9f0:   0000000000000000 0000000089253388
0x000000ea9a8fea00:   000002b600244ce8 fffffffffffffff5
0x000000ea9a8fea10:   000000ea9a8fea28 000000ea9a8fea78
0x000000ea9a8fea20:   000002b5b1d288c0 0000000089261fd8
0x000000ea9a8fea30:   fffffffffffffff7 000002b600246560
0x000000ea9a8fea40:   0000000000000003 000002b600247d10
0x000000ea9a8fea50:   0000000000000000 0000000089253388
0x000000ea9a8fea60:   000002b6002465a8 fffffffffffffff6
0x000000ea9a8fea70:   000000ea9a8fea90 000000ea9a8feae0
0x000000ea9a8fea80:   000002b5b1d288c0 0000000000000000
0x000000ea9a8fea90:   0000000089261fd8 fffffffffffffff7
0x000000ea9a8feaa0:   000002b6001a04ff 0000000000000008
0x000000ea9a8feab0:   000002b6001a4790 0000000000000000 

Instructions: (pc=0x00007ffb8d63b0e6)
0x00007ffb8d63afe6:   11 45 d4 0f 11 45 e4 0f 11 45 f4 89 45 04 c7 45
0x00007ffb8d63aff6:   a0 68 00 00 00 0f 11 44 24 34 0f 11 44 24 44 0f
0x00007ffb8d63b006:   11 44 24 54 0f 11 44 24 64 0f 11 44 24 74 0f 11
0x00007ffb8d63b016:   45 84 89 45 94 c7 44 24 30 68 00 00 00 48 8d 55
0x00007ffb8d63b026:   a0 49 8b ce ff 15 98 7d 06 00 85 c0 74 41 48 8d
0x00007ffb8d63b036:   54 24 30 48 8b ce ff 15 86 7d 06 00 85 c0 74 2f
0x00007ffb8d63b046:   48 8d 54 24 34 48 8d 4d a4 ff 15 bb 78 06 00 85
0x00007ffb8d63b056:   c0 74 1c 48 8d 54 24 44 48 8d 4d b4 ff 15 a8 78
0x00007ffb8d63b066:   06 00 85 c0 74 09 8b 44 24 54 39 45 c4 74 11 ff
0x00007ffb8d63b076:   c7 3b 7b 0c 0f 8c 40 ff ff ff 8b 3d 1a b3 06 00
0x00007ffb8d63b086:   48 8b cb e8 d2 cd f4 ff 90 8b c7 48 8b 4d 10 48
0x00007ffb8d63b096:   33 cc e8 53 01 01 00 4c 8d 9c 24 20 01 00 00 49
0x00007ffb8d63b0a6:   8b 5b 28 49 8b 73 30 49 8b e3 41 5e 5f 5d c3 cc
0x00007ffb8d63b0b6:   cc cc cc cc cc cc cc cc cc cc 48 8b 41 08 48 8b
0x00007ffb8d63b0c6:   80 18 0c 00 00 c3 cc cc cc cc 48 8b 41 08 48 05
0x00007ffb8d63b0d6:   00 04 00 00 c3 cc cc cc cc cc 40 53 48 83 ec 20
0x00007ffb8d63b0e6:   83 79 50 00 48 8b d9 75 56 48 8b 49 28 4c 8d 44
0x00007ffb8d63b0f6:   24 38 48 8d 54 24 30 c7 44 24 30 00 00 80 bf c7
0x00007ffb8d63b106:   44 24 38 00 00 80 bf e8 be e0 00 00 f3 0f 10 54
0x00007ffb8d63b116:   24 30 0f 57 c0 0f 2f d0 76 25 f3 0f 10 4c 24 38
0x00007ffb8d63b126:   0f 2f c8 76 1a f3 0f 5e 15 d9 9b 02 00 f3 0f 5e
0x00007ffb8d63b136:   0d d1 9b 02 00 f3 0f 11 53 48 f3 0f 11 4b 4c 48
0x00007ffb8d63b146:   83 c4 20 5b c3 cc cc cc cc cc 48 89 5c 24 10 48
0x00007ffb8d63b156:   89 74 24 18 57 41 56 41 57 48 83 ec 40 48 8b d9
0x00007ffb8d63b166:   48 83 79 18 00 75 14 b9 28 04 00 00 e8 b9 96 00
0x00007ffb8d63b176:   00 48 89 43 18 c7 00 28 00 00 00 48 8b 43 18 33
0x00007ffb8d63b186:   ff 66 89 78 0e 48 8b 4b 28 e8 5c 03 00 00 48 8b
0x00007ffb8d63b196:   f0 41 bf 01 00 00 00 45 8b c7 41 8b d7 48 8b c8
0x00007ffb8d63b1a6:   ff 15 84 74 06 00 4c 8b f0 89 7c 24 30 48 8b 4b
0x00007ffb8d63b1b6:   18 48 89 4c 24 28 48 89 7c 24 20 45 8b cf 45 33
0x00007ffb8d63b1c6:   c0 48 8b d0 48 8b ce ff 15 3d 75 06 00 48 8b 53
0x00007ffb8d63b1d6:   30 48 8b 0b 8b 05 c4 b1 06 00 83 79 04 08 0f 8e 


Stack slot to memory mapping:

stack at sp + 0 slots: 0x000002b600784250 is pointing into metadata
stack at sp + 1 slots: 0x00007ffb56f94f7c jvm.dll
stack at sp + 2 slots: 0x000002b6079e7c80 points into unknown readable memory: 0x000002b60431e700 | 00 e7 31 04 b6 02 00 00
stack at sp + 3 slots: 0x0 is null
stack at sp + 4 slots: 0x000002b6079e7c80 points into unknown readable memory: 0x000002b60431e700 | 00 e7 31 04 b6 02 00 00
stack at sp + 5 slots: 0x00007ffb8d63c922 awt.dll
stack at sp + 6 slots: 0x00007ffb8d699848 awt.dll
stack at sp + 7 slots: {method} {0x000002b600244650} 'initNativeScale' '(I)V' in 'sun/awt/Win32GraphicsDevice'

native method entry point (kind = native)  [0x000002b5b1d2cba0, 0x000002b5b1d2d6c0]  2848 bytes
[MachCode]
  0x000002b5b1d2cba0: 488b 4b08 | 0fb7 492e | 584c 8d74 | ccf8 6800 | 0000 0068 | 0000 0000 | 5055 488b | ec41 5568 
  0x000002b5b1d2cbc0: 0000 0000 | 4c8b 6b08 | 4d8d 6d38 | 5348 8b53 | 0848 8b52 | 0848 8b52 | 1848 8b52 | 7048 8b12 
  0x000002b5b1d2cbe0: 5248 8b53 | 1048 85d2 | 0f84 0700 | 0000 4881 | c210 0100 | 0052 488b | 5308 488b | 5208 488b 
  0x000002b5b1d2cc00: 5210 5249 | 8bc6 482b | c548 c1e8 | 0350 6800 | 0000 0068 | f7ff ffff | 41c6 8781 | 0400 0001 
  0x000002b5b1d2cc20: 488b 4310 | 4885 c074 | 208b 88cc | 0000 0083 | c102 8988 | cc00 0000 | 2388 e000 | 0000 0f84 
  0x000002b5b1d2cc40: cb09 0000 | e9cf 0000 | 0048 8b43 | 1848 85c0 | 0f85 b000 | 0000 e805 | 0000 00e9 | 9900 0000 
  0x000002b5b1d2cc60: 488b d348 | 8d44 2408 | 4c89 6dc0 | 498b cfc5 | f877 4989 | afb0 0300 | 0049 8987 | a003 0000 
  0x000002b5b1d2cc80: 4883 ec20 | 40f6 c40f | 0f84 1900 | 0000 4883 | ec08 48b8 | 00a7 1457 | fb7f 0000 | ffd0 4883 
  0x000002b5b1d2cca0: c408 e90c | 0000 0048 | b800 a714 | 57fb 7f00 | 00ff d048 | 83c4 2049 | c787 a003 | 0000 0000 
  0x000002b5b1d2ccc0: 0000 49c7 | 87b0 0300 | 0000 0000 | 0049 c787 | a803 0000 | 0000 0000 | c5f8 7749 | 837f 0800 
  0x000002b5b1d2cce0: 0f84 0500 | 0000 e915 | 42ff ff4c | 8b6d c04c | 8b75 c84e | 8d74 f500 | c348 8b43 | 1848 85c0 
  0x000002b5b1d2cd00: 0f84 1200 | 0000 8b48 | 0883 c102 | 8948 0823 | 481c 0f84 | f708 0000 | 493b a7f0 | 0400 000f 
  0x000002b5b1d2cd20: 8748 0000 | 0089 8424 | 00f0 ffff | 8984 2400 | e0ff ff89 | 8424 00d0 | ffff 8984 | 2400 c0ff 
  0x000002b5b1d2cd40: ff89 8424 | 00b0 ffff | 8984 2400 | a0ff ff89 | 8424 0090 | ffff 8984 | 2400 80ff | ff49 3ba7 
  0x000002b5b1d2cd60: e804 0000 | 7607 4989 | a7f0 0400 | 0041 c687 | 8104 0000 | 0049 ba6c | 409b 57fb | 7f00 0041 
  0x000002b5b1d2cd80: 803a 000f | 843e 0000 | 0048 8b55 | e849 8bcf | 4883 ec20 | 40f6 c40f | 0f84 1900 | 0000 4883 
  0x000002b5b1d2cda0: ec08 48b8 | 80b9 4b57 | fb7f 0000 | ffd0 4883 | c408 e90c | 0000 0048 | b880 b94b | 57fb 7f00 
  0x000002b5b1d2cdc0: 00ff d048 | 83c4 2048 | 8b5d e84c | 8b5b 0845 | 0fb7 5b2e | 41c1 e303 | 492b e348 | 83ec 2048 
  0x000002b5b1d2cde0: 83e4 f04c | 8b5b 604d | 85db 0f85 | ab00 0000 | e805 0000 | 00e9 9900 | 0000 488b | d348 8d44 
  0x000002b5b1d2ce00: 2408 4c89 | 6dc0 498b | cfc5 f877 | 4989 afb0 | 0300 0049 | 8987 a003 | 0000 4883 | ec20 40f6 
  0x000002b5b1d2ce20: c40f 0f84 | 1900 0000 | 4883 ec08 | 48b8 20ce | 1457 fb7f | 0000 ffd0 | 4883 c408 | e90c 0000 
  0x000002b5b1d2ce40: 0048 b820 | ce14 57fb | 7f00 00ff | d048 83c4 | 2049 c787 | a003 0000 | 0000 0000 | 49c7 87b0 
  0x000002b5b1d2ce60: 0300 0000 | 0000 0049 | c787 a803 | 0000 0000 | 0000 c5f8 | 7749 837f | 0800 0f84 | 0500 0000 
  0x000002b5b1d2ce80: e97b 40ff | ff4c 8b6d | c04c 8b75 | c84e 8d74 | f500 c348 | 8b5d e84c | 8b5b 6041 | ffd3 488b 
  0x000002b5b1d2cea0: 5de8 4889 | 4518 448b | 5b28 41f6 | c308 0f84 | 1b00 0000 | 4c8b 5b08 | 4d8b 5b08 | 4d8b 5b18 
  0x000002b5b1d2cec0: 4d8b 5b70 | 4d8b 1b4c | 895d 1048 | 8d55 1048 | 8b43 5849 | ba80 104c | 57fb 7f00 | 0049 3bc2 
  0x000002b5b1d2cee0: 0f85 ab00 | 0000 e805 | 0000 00e9 | 9900 0000 | 488b d348 | 8d44 2408 | 4c89 6dc0 | 498b cfc5 
  0x000002b5b1d2cf00: f877 4989 | afb0 0300 | 0049 8987 | a003 0000 | 4883 ec20 | 40f6 c40f | 0f84 1900 | 0000 4883 
  0x000002b5b1d2cf20: ec08 48b8 | 20ce 1457 | fb7f 0000 | ffd0 4883 | c408 e90c | 0000 0048 | b820 ce14 | 57fb 7f00 
  0x000002b5b1d2cf40: 00ff d048 | 83c4 2049 | c787 a003 | 0000 0000 | 0000 49c7 | 87b0 0300 | 0000 0000 | 0049 c787 
  0x000002b5b1d2cf60: a803 0000 | 0000 0000 | c5f8 7749 | 837f 0800 | 0f84 0500 | 0000 e985 | 3fff ff4c | 8b6d c04c 
  0x000002b5b1d2cf80: 8b75 c84e | 8d74 f500 | c348 8b5d | e848 8b43 | 5849 8d8f | c003 0000 | c5f8 7749 | 89af b003 
  0x000002b5b1d2cfa0: 0000 49ba | 98cf d2b1 | b502 0000 | 4d89 97a8 | 0300 0049 | 89a7 a003 | 0000 41c7 | 8754 0400 
  0x000002b5b1d2cfc0: 0004 0000 | 00ff d0c5 | f877 4883 | ec10 c5fb | 1104 2448 | 83ec 1048 | 8904 2448 | c744 2408 
  0x000002b5b1d2cfe0: 0000 0000 | 41c7 8754 | 0400 0005 | 0000 00f0 | 8344 24c0 | 0049 3baf | 5804 0000 | 0f87 0e00 
  0x000002b5b1d2d000: 0000 4183 | bf50 0400 | 0000 0f84 | 2000 0000 | 498b cf4c | 8be4 4883 | ec20 4883 | e4f0 48b8 
  0x000002b5b1d2d020: 4023 1657 | fb7f 0000 | ffd0 498b | e44d 33e4 | 41c7 8754 | 0400 0008 | 0000 0049 | c787 a003 
  0x000002b5b1d2d040: 0000 0000 | 0000 49c7 | 87b0 0300 | 0000 0000 | 0049 c787 | a803 0000 | 0000 0000 | c5f8 774d 
  0x000002b5b1d2d060: 8b9f 3004 | 0000 41c7 | 8300 0100 | 0000 0000 | 0049 bb1a | a5d2 b1b5 | 0200 004c | 3b5d 180f 
  0x000002b5b1d2d080: 8524 0200 | 0048 8b04 | 2448 83c4 | 1048 85c0 | 0f84 fe01 | 0000 a803 | 0f85 0800 | 0000 488b 
  0x000002b5b1d2d0a0: 00e9 ee01 | 0000 a801 | 0f85 0900 | 0000 488b | 40fe e9dd | 0100 0048 | 8b40 ff41 | 807f 3800 
  0x000002b5b1d2d0c0: 0f84 ce01 | 0000 4883 | f800 0f84 | c401 0000 | 4d8b 5f28 | 4983 fb00 | 0f84 1400 | 0000 4983 
  0x000002b5b1d2d0e0: eb08 4d89 | 5f28 4d03 | 5f30 4989 | 03e9 a201 | 0000 4881 | ecd0 0000 | 0048 8904 | 2448 894c 
  0x000002b5b1d2d100: 2408 4889 | 5424 1048 | 8974 2418 | 4889 7c24 | 204c 8944 | 2428 4c89 | 4c24 304c | 8954 2438 
  0x000002b5b1d2d120: 4c89 5c24 | 40c5 fb11 | 4424 50c5 | fb11 4c24 | 58c5 fb11 | 5424 60c5 | fb11 5c24 | 68c5 fb11 
  0x000002b5b1d2d140: 6424 70c5 | fb11 6c24 | 78c5 fb11 | b424 8000 | 0000 c5fb | 11bc 2488 | 0000 00c5 | 7b11 8424 
  0x000002b5b1d2d160: 9000 0000 | c57b 118c | 2498 0000 | 00c5 7b11 | 9424 a000 | 0000 c57b | 119c 24a8 | 0000 00c5 
  0x000002b5b1d2d180: 7b11 a424 | b000 0000 | c57b 11ac | 24b8 0000 | 00c5 7b11 | b424 c000 | 0000 c57b | 11bc 24c8 
  0x000002b5b1d2d1a0: 0000 0049 | 8bd7 488b | c848 83ec | 2040 f6c4 | 0f0f 8419 | 0000 0048 | 83ec 0848 | b830 3f09 
  0x000002b5b1d2d1c0: 57fb 7f00 | 00ff d048 | 83c4 08e9 | 0c00 0000 | 48b8 303f | 0957 fb7f | 0000 ffd0 | 4883 c420 
  0x000002b5b1d2d1e0: c57b 10bc | 24c8 0000 | 00c5 7b10 | b424 c000 | 0000 c57b | 10ac 24b8 | 0000 00c5 | 7b10 a424 
  0x000002b5b1d2d200: b000 0000 | c57b 109c | 24a8 0000 | 00c5 7b10 | 9424 a000 | 0000 c57b | 108c 2498 | 0000 00c5 
  0x000002b5b1d2d220: 7b10 8424 | 9000 0000 | c5fb 10bc | 2488 0000 | 00c5 fb10 | b424 8000 | 0000 c5fb | 106c 2478 
  0x000002b5b1d2d240: c5fb 1064 | 2470 c5fb | 105c 2468 | c5fb 1054 | 2460 c5fb | 104c 2458 | c5fb 1044 | 2450 4c8b 
  0x000002b5b1d2d260: 5c24 404c | 8b54 2438 | 4c8b 4c24 | 304c 8b44 | 2428 488b | 7c24 2048 | 8b74 2418 | 488b 5424 
  0x000002b5b1d2d280: 1048 8b4c | 2408 488b | 0424 4881 | c4d0 0000 | 00c5 f877 | 4889 4510 | 4883 ec10 | 4889 0424 
  0x000002b5b1d2d2a0: 48c7 4424 | 0800 0000 | 0041 83bf | d004 0000 | 020f 85bf | 0000 0048 | 81ec 8000 | 0000 4889 
  0x000002b5b1d2d2c0: 4424 7848 | 894c 2470 | 4889 5424 | 6848 895c | 2460 4889 | 6c24 5048 | 8974 2448 | 4889 7c24 
  0x000002b5b1d2d2e0: 404c 8944 | 2438 4c89 | 4c24 304c | 8954 2428 | 4c89 5c24 | 204c 8964 | 2418 4c89 | 6c24 104c 
  0x000002b5b1d2d300: 8974 2408 | 4c89 3c24 | 4c8b e448 | 83ec 2048 | 83e4 f048 | b8d0 f14b | 57fb 7f00 | 00ff d049 
  0x000002b5b1d2d320: 8be4 4c8b | 3c24 4c8b | 7424 084c | 8b6c 2410 | 4c8b 6424 | 184c 8b5c | 2420 4c8b | 5424 284c 
  0x000002b5b1d2d340: 8b4c 2430 | 4c8b 4424 | 3848 8b7c | 2440 488b | 7424 4848 | 8b6c 2450 | 488b 5c24 | 6048 8b54 
  0x000002b5b1d2d360: 2468 488b | 4c24 7048 | 8b44 2478 | 4881 c480 | 0000 004d | 33e4 488b | 5de8 4c8b | 6b08 4d8d 
  0x000002b5b1d2d380: 6d38 4983 | 7f08 000f | 84bb 0000 | 00e8 0500 | 0000 e996 | 0000 0048 | 8d44 2408 | 4c89 6dc0 
  0x000002b5b1d2d3a0: 498b cfc5 | f877 4989 | afb0 0300 | 0049 8987 | a003 0000 | 4883 ec20 | 40f6 c40f | 0f84 1900 
  0x000002b5b1d2d3c0: 0000 4883 | ec08 48b8 | 60ec 1457 | fb7f 0000 | ffd0 4883 | c408 e90c | 0000 0048 | b860 ec14 
  0x000002b5b1d2d3e0: 57fb 7f00 | 00ff d048 | 83c4 2049 | c787 a003 | 0000 0000 | 0000 49c7 | 87b0 0300 | 0000 0000 
  0x000002b5b1d2d400: 0049 c787 | a803 0000 | 0000 0000 | c5f8 7749 | 837f 0800 | 0f84 0500 | 0000 e9e1 | 3aff ff4c 
  0x000002b5b1d2d420: 8b6d c04c | 8b75 c84e | 8d74 f500 | c348 b9c0 | 2873 57fb | 7f00 0048 | 83e4 f048 | b830 993a 
  0x000002b5b1d2d440: 57fb 7f00 | 00ff d0f4 | 448b 5b28 | 41f6 c320 | 0f84 4401 | 0000 488d | 55a8 4c8b | 5a08 4d85 
  0x000002b5b1d2d460: db0f 85bb | 0000 00e8 | 0500 0000 | e996 0000 | 0048 8d44 | 2408 4c89 | 6dc0 498b | cfc5 f877 
  0x000002b5b1d2d480: 4989 afb0 | 0300 0049 | 8987 a003 | 0000 4883 | ec20 40f6 | c40f 0f84 | 1900 0000 | 4883 ec08 
  0x000002b5b1d2d4a0: 48b8 90eb | 1457 fb7f | 0000 ffd0 | 4883 c408 | e90c 0000 | 0048 b890 | eb14 57fb | 7f00 00ff 
  0x000002b5b1d2d4c0: d048 83c4 | 2049 c787 | a003 0000 | 0000 0000 | 49c7 87b0 | 0300 0000 | 0000 0049 | c787 a803 
  0x000002b5b1d2d4e0: 0000 0000 | 0000 c5f8 | 7749 837f | 0800 0f84 | 0500 0000 | e907 3aff | ff4c 8b6d | c04c 8b75 
  0x000002b5b1d2d500: c84e 8d74 | f500 c348 | b9c0 2873 | 57fb 7f00 | 0048 83e4 | f048 b830 | 993a 57fb | 7f00 00ff 
  0x000002b5b1d2d520: d0f4 4c89 | 6dc0 488d | 024c 8b4a | 0848 c742 | 0800 0000 | 004c 8b00 | 4d85 c00f | 840b 0000 
  0x000002b5b1d2d540: 00f0 4d0f | b101 0f85 | 0c00 0000 | 49ff 8f58 | 0500 00e9 | 3e00 0000 | 4c89 4a08 | 488b ca48 
  0x000002b5b1d2d560: 83ec 2040 | f6c4 0f0f | 8419 0000 | 0048 83ec | 0848 b820 | be14 57fb | 7f00 00ff | d048 83c4 
  0x000002b5b1d2d580: 08e9 0c00 | 0000 48b8 | 20be 1457 | fb7f 0000 | ffd0 4883 | c420 4c8b | 6dc0 49ba | 6c40 9b57 
  0x000002b5b1d2d5a0: fb7f 0000 | 4180 3a00 | 0f84 3e00 | 0000 488b | 55e8 498b | cf48 83ec | 2040 f6c4 | 0f0f 8419 
  0x000002b5b1d2d5c0: 0000 0048 | 83ec 0848 | b880 b94b | 57fb 7f00 | 00ff d048 | 83c4 08e9 | 0c00 0000 | 48b8 80b9 
  0x000002b5b1d2d5e0: 4b57 fb7f | 0000 ffd0 | 4883 c420 | 488b 0424 | 4883 c410 | c5fb 1004 | 2448 83c4 | 104c 8b5d 
  0x000002b5b1d2d600: 1841 ffd3 | 4c8b 5df8 | c95f 498b | e3ff e7ba | 0000 0000 | e805 0000 | 00e9 9600 | 0000 488d 
  0x000002b5b1d2d620: 4424 084c | 896d c049 | 8bcf c5f8 | 7749 89af | b003 0000 | 4989 87a0 | 0300 0048 | 83ec 2040 
  0x000002b5b1d2d640: f6c4 0f0f | 8419 0000 | 0048 83ec | 0848 b8e0 | b114 57fb | 7f00 00ff | d048 83c4 | 08e9 0c00 
  0x000002b5b1d2d660: 0000 48b8 | e0b1 1457 | fb7f 0000 | ffd0 4883 | c420 49c7 | 87a0 0300 | 0000 0000 | 0049 c787 
  0x000002b5b1d2d680: b003 0000 | 0000 0000 | 49c7 87a8 | 0300 0000 | 0000 00c5 | f877 4983 | 7f08 000f | 8405 0000 
  0x000002b5b1d2d6a0: 00e9 5a38 | ffff 4c8b | 6dc0 4c8b | 75c8 4e8d | 74f5 00c3 | 488b 5de8 | e95b f6ff | ff66 6690 
[/MachCode]

Compiled method (c1) 309434  929       3       java.security.ProtectionDomain$JavaSecurityAccessImpl::doIntersectionPrivilege (22 bytes)
 total in heap  [0x000002b5aa921390,0x000002b5aa921dc0] = 2608
 relocation     [0x000002b5aa9214e8,0x000002b5aa9215b8] = 208
 main code      [0x000002b5aa9215c0,0x000002b5aa921af0] = 1328
 stub code      [0x000002b5aa921af0,0x000002b5aa921b80] = 144
 metadata       [0x000002b5aa921b80,0x000002b5aa921ba0] = 32
 scopes data    [0x000002b5aa921ba0,0x000002b5aa921c98] = 248
 scopes pcs     [0x000002b5aa921c98,0x000002b5aa921da8] = 272
 dependencies   [0x000002b5aa921da8,0x000002b5aa921db0] = 8
 nul chk table  [0x000002b5aa921db0,0x000002b5aa921dc0] = 16

[Constant Pool (empty)]

[MachCode]
[Entry Point]
  # {method} {0x000002b5bf0ea978} 'doIntersectionPrivilege' '(Ljava/security/PrivilegedAction;Ljava/security/AccessControlContext;Ljava/security/AccessControlContext;)Ljava/lang/Object;' in 'java/security/ProtectionDomain$JavaSecurityAccessImpl'
  # this:     rdx:rdx   = 'java/security/ProtectionDomain$JavaSecurityAccessImpl'
  # parm0:    r8:r8     = 'java/security/PrivilegedAction'
  # parm1:    r9:r9     = 'java/security/AccessControlContext'
  # parm2:    rdi:rdi   = 'java/security/AccessControlContext'
  #           [sp+0xb0]  (sp of caller)
  0x000002b5aa9215c0: 448b 5208 | 49bb 0000 | 00bf b502 | 0000 4d03 | d34c 3bd0 

  0x000002b5aa9215d4: ;   {runtime_call ic_miss_stub}
  0x000002b5aa9215d4: 0f85 a6d1 | 4407 660f | 1f44 0000 
[Verified Entry Point]
  0x000002b5aa9215e0: 8984 2400 | 80ff ff55 | 4881 eca0 | 0000 0090 | 4181 7f20 | 0100 0000 

  0x000002b5aa9215f8: ;   {runtime_call StubRoutines (final stubs)}
  0x000002b5aa9215f8: 7405 e8e1 

  0x000002b5aa9215fc: ;   {metadata(method data for {method} {0x000002b5bf0ea978} 'doIntersectionPrivilege' '(Ljava/security/PrivilegedAction;Ljava/security/AccessControlContext;Ljava/security/AccessControlContext;)Ljava/lang/Object;' in 'java/security/ProtectionDomain$JavaSecurityAccessImpl')}
  0x000002b5aa9215fc: 3643 0748 | bef0 656e | 00b6 0200 | 008b 9ecc | 0000 0083 | c302 899e | cc00 0000 | 81e3 fe07 
  0x000002b5aa92161c: 0000 85db | 0f84 b303 | 0000 4d85 

  0x000002b5aa921628: ;   {metadata(method data for {method} {0x000002b5bf0ea978} 'doIntersectionPrivilege' '(Ljava/security/PrivilegedAction;Ljava/security/AccessControlContext;Ljava/security/AccessControlContext;)Ljava/lang/Object;' in 'java/security/ProtectionDomain$JavaSecurityAccessImpl')}
  0x000002b5aa921628: c048 baf0 | 656e 00b6 | 0200 0048 | c7c6 2801 | 0000 7407 | 48c7 c618 | 0100 0048 | 8b1c 3248 
  0x000002b5aa921648: 8d5b 0148 | 891c 320f | 84e7 0200 | 004c 8944 

  0x000002b5aa921658: ;   {metadata(method data for {method} {0x000002b5bf0ea978} 'doIntersectionPrivilege' '(Ljava/security/PrivilegedAction;Ljava/security/AccessControlContext;Ljava/security/AccessControlContext;)Ljava/lang/Object;' in 'java/security/ProtectionDomain$JavaSecurityAccessImpl')}
  0x000002b5aa921658: 2460 48ba | f065 6e00 | b602 0000 | 4883 8248 | 0100 0001 | 488b d74d | 8bc1 0f1f 

  0x000002b5aa921674: ;   {static_call}
  0x000002b5aa921674: 4400 00e8 

  0x000002b5aa921678: ; ImmutableOopMap {[96]=Oop }
                      ;*invokestatic getCombinedACC {reexecute=0 rethrow=0 return_oop=0}
                      ; - java.security.ProtectionDomain$JavaSecurityAccessImpl::doIntersectionPrivilege@15 (line 89)
  0x000002b5aa921678: 6409 0000 

  0x000002b5aa92167c: ;   {other}
  0x000002b5aa92167c: 0f1f 8400 | ec02 0000 

  0x000002b5aa921684: ;   {metadata(method data for {method} {0x000002b5bf0ea978} 'doIntersectionPrivilege' '(Ljava/security/PrivilegedAction;Ljava/security/AccessControlContext;Ljava/security/AccessControlContext;)Ljava/lang/Object;' in 'java/security/ProtectionDomain$JavaSecurityAccessImpl')}
  0x000002b5aa921684: 48be f065 | 6e00 b602 | 0000 4883 | 8658 0100 

  0x000002b5aa921694: ;   {metadata(method data for {method} {0x000002b5bf435e00} 'doPrivileged' '(Ljava/security/PrivilegedAction;Ljava/security/AccessControlContext;)Ljava/lang/Object;' in 'java/security/AccessController')}
  0x000002b5aa921694: 0001 48be | 2843 6e00 | b602 0000 | 8bbe cc00 | 0000 83c7 | 0289 becc | 0000 0081 | e7fe ff1f 
  0x000002b5aa9216b4: 0085 ff0f | 843d 0300 

  0x000002b5aa9216bc: ;   {metadata(method data for {method} {0x000002b5bf435e00} 'doPrivileged' '(Ljava/security/PrivilegedAction;Ljava/security/AccessControlContext;)Ljava/lang/Object;' in 'java/security/AccessController')}
  0x000002b5aa9216bc: 0048 be28 | 436e 00b6 | 0200 0048 | 8386 1801 | 0000 0148 | 8944 2468 

  0x000002b5aa9216d4: ;   {static_call}
  0x000002b5aa9216d4: 6666 90e8 

  0x000002b5aa9216d8: ; ImmutableOopMap {[96]=Oop [104]=Oop }
                      ;*invokestatic getCallerClass {reexecute=0 rethrow=0 return_oop=0}
                      ; - java.security.AccessController::doPrivileged@0 (line 398)
                      ; - java.security.ProtectionDomain$JavaSecurityAccessImpl::doIntersectionPrivilege@18 (line 87)
  0x000002b5aa9216d8: e47a 9c07 

  0x000002b5aa9216dc: ;   {other}
  0x000002b5aa9216dc: 0f1f 8400 | 4c03 0001 | 4889 4424 

  0x000002b5aa9216e8: ;   {metadata(method data for {method} {0x000002b5bf435e00} 'doPrivileged' '(Ljava/security/PrivilegedAction;Ljava/security/AccessControlContext;)Ljava/lang/Object;' in 'java/security/AccessController')}
  0x000002b5aa9216e8: 7048 ba28 | 436e 00b6 | 0200 0048 | 8382 2801 | 0000 0148 | 8b54 2468 | 4c8b c00f 

  0x000002b5aa921704: ;   {static_call}
  0x000002b5aa921704: 1f40 00e8 

  0x000002b5aa921708: ; ImmutableOopMap {[96]=Oop [112]=Oop }
                      ;*invokestatic checkContext {reexecute=0 rethrow=0 return_oop=0}
                      ; - java.security.AccessController::doPrivileged@6 (line 399)
                      ; - java.security.ProtectionDomain$JavaSecurityAccessImpl::doIntersectionPrivilege@18 (line 87)
  0x000002b5aa921708: b4b8 ffff 

  0x000002b5aa92170c: ;   {other}
  0x000002b5aa92170c: 0f1f 8400 | 7c03 0002 | 4889 4424 

  0x000002b5aa921718: ;   {metadata(method data for {method} {0x000002b5bf435e00} 'doPrivileged' '(Ljava/security/PrivilegedAction;Ljava/security/AccessControlContext;)Ljava/lang/Object;' in 'java/security/AccessController')}
  0x000002b5aa921718: 7848 ba28 | 436e 00b6 | 0200 0048 | 8382 3801 

  0x000002b5aa921728: ;   {metadata(method data for {method} {0x000002b5bf436088} 'executePrivileged' '(Ljava/security/PrivilegedAction;Ljava/security/AccessControlContext;Ljava/lang/Class;)Ljava/lang/Object;' in 'java/security/AccessController')}
  0x000002b5aa921728: 0000 0148 | ba40 e00f | 00b6 0200 | 008b b2cc | 0000 0083 | c602 89b2 | cc00 0000 | 81e6 feff 
  0x000002b5aa921748: 1f00 85f6 | 0f84 c902 | 0000 4885 

  0x000002b5aa921754: ;   {metadata(method data for {method} {0x000002b5bf436088} 'executePrivileged' '(Ljava/security/PrivilegedAction;Ljava/security/AccessControlContext;Ljava/lang/Class;)Ljava/lang/Object;' in 'java/security/AccessController')}
  0x000002b5aa921754: c048 ba40 | e00f 00b6 | 0200 0048 | c7c6 1801 | 0000 7407 | 48c7 c628 | 0100 0048 | 8b3c 3248 
  0x000002b5aa921774: 8d7f 0148 | 893c 320f | 8423 0000 

  0x000002b5aa921780: ;   {metadata(method data for {method} {0x000002b5bf436088} 'executePrivileged' '(Ljava/security/PrivilegedAction;Ljava/security/AccessControlContext;Ljava/lang/Class;)Ljava/lang/Object;' in 'java/security/AccessController')}
  0x000002b5aa921780: 0048 ba40 | e00f 00b6 | 0200 0048 | 8382 3801 | 0000 0148 

  0x000002b5aa921794: ;   {static_call}
  0x000002b5aa921794: 8bd0 90e8 

  0x000002b5aa921798: ; ImmutableOopMap {[96]=Oop [112]=Oop [120]=Oop }
                      ;*invokestatic ensureMaterializedForStackWalk {reexecute=0 rethrow=0 return_oop=0}
                      ; - java.security.AccessController::executePrivileged@5 (line 774)
                      ; - java.security.AccessController::doPrivileged@13 (line 400)
                      ; - java.security.ProtectionDomain$JavaSecurityAccessImpl::doIntersectionPrivilege@18 (line 87)
  0x000002b5aa921798: 2427 9d07 

  0x000002b5aa92179c: ;   {other}
  0x000002b5aa92179c: 0f1f 8400 | 0c04 0003 

  0x000002b5aa9217a4: ;   {metadata(method data for {method} {0x000002b5bf436088} 'executePrivileged' '(Ljava/security/PrivilegedAction;Ljava/security/AccessControlContext;Ljava/lang/Class;)Ljava/lang/Object;' in 'java/security/AccessController')}
  0x000002b5aa9217a4: 48ba 40e0 | 0f00 b602 | 0000 ff82 | 4801 0000 | 4c8b 4424 | 6049 3b00 

  0x000002b5aa9217bc: ;   {metadata(method data for {method} {0x000002b5bf436088} 'executePrivileged' '(Ljava/security/PrivilegedAction;Ljava/security/AccessControlContext;Ljava/lang/Class;)Ljava/lang/Object;' in 'java/security/AccessController')}
  0x000002b5aa9217bc: 498b d048 | be40 e00f | 00b6 0200 | 008b 5208 | 49ba 0000 | 00bf b502 | 0000 4903 | d248 3b96 
  0x000002b5aa9217dc: b001 0000 | 750d 4883 | 86b8 0100 | 0001 e960 | 0000 0048 | 3b96 c001 | 0000 750d | 4883 86c8 
  0x000002b5aa9217fc: 0100 0001 | e94a 0000 | 0048 83be | b001 0000 | 0075 1748 | 8996 b001 | 0000 48c7 | 86b8 0100 
  0x000002b5aa92181c: 0001 0000 | 00e9 2900 | 0000 4883 | bec0 0100 | 0000 7517 | 4889 96c0 | 0100 0048 | c786 c801 
  0x000002b5aa92183c: 0000 0100 | 0000 e908 | 0000 0048 | 8386 a801 | 0000 0149 | 8bd0 6666 | 9048 b800 | ea31 04b6 
  0x000002b5aa92185c: ;   {virtual_call}
  0x000002b5aa92185c: 0200 00e8 

  0x000002b5aa921860: ; ImmutableOopMap {[112]=Oop [120]=Oop }
                      ;*invokeinterface run {reexecute=0 rethrow=0 return_oop=0}
                      ; - java.security.AccessController::executePrivileged@29 (line 778)
                      ; - java.security.AccessController::doPrivileged@13 (line 400)
                      ; - java.security.ProtectionDomain$JavaSecurityAccessImpl::doIntersectionPrivilege@18 (line 87)
  0x000002b5aa921860: 040a 5207 

  0x000002b5aa921864: ;   {other}
  0x000002b5aa921864: 0f1f 8400 | d404 0004 

  0x000002b5aa92186c: ;   {metadata(method data for {method} {0x000002b5bf436088} 'executePrivileged' '(Ljava/security/PrivilegedAction;Ljava/security/AccessControlContext;Ljava/lang/Class;)Ljava/lang/Object;' in 'java/security/AccessController')}
  0x000002b5aa92186c: 48ba 40e0 | 0f00 b602 | 0000 ff82 | d801 0000 

  0x000002b5aa92187c: ;   {metadata(method data for {method} {0x000002b5bf436088} 'executePrivileged' '(Ljava/security/PrivilegedAction;Ljava/security/AccessControlContext;Ljava/lang/Class;)Ljava/lang/Object;' in 'java/security/AccessController')}
  0x000002b5aa92187c: 48ba 40e0 | 0f00 b602 | 0000 4883 | 8238 0200 | 0001 488b | d048 8984 | 2480 0000 | 0066 0f1f 
  0x000002b5aa92189c: ;   {static_call}
  0x000002b5aa92189c: 4400 00e8 

  0x000002b5aa9218a0: ; ImmutableOopMap {[112]=Oop [120]=Oop [128]=Oop }
                      ;*invokestatic ensureMaterializedForStackWalk {reexecute=0 rethrow=0 return_oop=0}
                      ; - java.security.AccessController::executePrivileged@56 (line 786)
                      ; - java.security.AccessController::doPrivileged@13 (line 400)
                      ; - java.security.ProtectionDomain$JavaSecurityAccessImpl::doIntersectionPrivilege@18 (line 87)
  0x000002b5aa9218a0: 1c26 9d07 

  0x000002b5aa9218a4: ;   {other}
  0x000002b5aa9218a4: 0f1f 8400 | 1405 0005 

  0x000002b5aa9218ac: ;   {metadata(method data for {method} {0x000002b5bf436088} 'executePrivileged' '(Ljava/security/PrivilegedAction;Ljava/security/AccessControlContext;Ljava/lang/Class;)Ljava/lang/Object;' in 'java/security/AccessController')}
  0x000002b5aa9218ac: 48b8 40e0 | 0f00 b602 | 0000 4883 | 8048 0200 

  0x000002b5aa9218bc: ;   {metadata(method data for {method} {0x000002b5bf037300} 'reachabilityFence' '(Ljava/lang/Object;)V' in 'java/lang/ref/Reference')}
  0x000002b5aa9218bc: 0001 48b8 | 4849 0d00 | b602 0000 | 8b90 cc00 | 0000 83c2 | 0289 90cc | 0000 0081 | e2fe ff1f 
  0x000002b5aa9218dc: 0085 d20f | 845c 0100 

  0x000002b5aa9218e4: ;   {metadata(method data for {method} {0x000002b5bf436088} 'executePrivileged' '(Ljava/security/PrivilegedAction;Ljava/security/AccessControlContext;Ljava/lang/Class;)Ljava/lang/Object;' in 'java/security/AccessController')}
  0x000002b5aa9218e4: 0048 b840 | e00f 00b6 | 0200 0048 | 8380 5802 

  0x000002b5aa9218f4: ;   {metadata(method data for {method} {0x000002b5bf037300} 'reachabilityFence' '(Ljava/lang/Object;)V' in 'java/lang/ref/Reference')}
  0x000002b5aa9218f4: 0000 0148 | b848 490d | 00b6 0200 | 008b 90cc | 0000 0083 | c202 8990 | cc00 0000 | 81e2 feff 
  0x000002b5aa921914: 1f00 85d2 | 0f84 4401 | 0000 488b | 8424 8000 | 0000 4881 | c4a0 0000 

  0x000002b5aa92192c: ;   {poll_return}
  0x000002b5aa92192c: 005d 493b | a758 0400 | 000f 8748 | 0100 00c3 | 0f1f 4000 

  0x000002b5aa921940: ;   {no_reloc}
  0x000002b5aa921940: e963 0100 | 0000 0000 | 0000 498b | 87b8 0100 | 0048 8d78 | 3049 3bbf | c801 0000 | 0f87 5001 
  0x000002b5aa921960: 0000 4989 | bfb8 0100 | 0048 c700 | 0100 0000 | 488b ca49 | ba00 0000 | bfb5 0200 | 0049 2bca 
  0x000002b5aa921980: 8948 0848 | 33c9 8948 | 0c48 33c9 | 4889 4810 | 4889 4818 | 4889 4820 | 4889 4828 

  0x000002b5aa92199c: ;   {metadata(method data for {method} {0x000002b5bf0ea978} 'doIntersectionPrivilege' '(Ljava/security/PrivilegedAction;Ljava/security/AccessControlContext;Ljava/security/AccessControlContext;)Ljava/lang/Object;' in 'java/security/ProtectionDomain$JavaSecurityAccessImpl')}
  0x000002b5aa92199c: 488b d048 | bef0 656e | 00b6 0200 | 0048 8386 | 3801 0000 | 0148 8bd0 | 4889 8424 | 8800 0000 
  0x000002b5aa9219bc: ;   {optimized virtual_call}
  0x000002b5aa9219bc: 6666 90e8 

  0x000002b5aa9219c0: ; ImmutableOopMap {[136]=Oop }
                      ;*invokespecial <init> {reexecute=0 rethrow=0 return_oop=0}
                      ; - java.security.ProtectionDomain$JavaSecurityAccessImpl::doIntersectionPrivilege@8 (line 84)
  0x000002b5aa9219c0: bcd0 4407 

  0x000002b5aa9219c4: ;   {other}
  0x000002b5aa9219c4: 0f1f 8400 | 3406 0006 | 488b 8424 | 8800 0000 | e903 0100 

  0x000002b5aa9219d8: ;   {metadata({method} {0x000002b5bf0ea978} 'doIntersectionPrivilege' '(Ljava/security/PrivilegedAction;Ljava/security/AccessControlContext;Ljava/security/AccessControlContext;)Ljava/lang/Object;' in 'java/security/ProtectionDomain$JavaSecurityAccessImpl')}
  0x000002b5aa9219d8: 0049 ba70 | a90e bfb5 | 0200 004c | 8954 2408 | 48c7 0424 | ffff ffff 

  0x000002b5aa9219f0: ;   {runtime_call counter_overflow Runtime1 stub}
  0x000002b5aa9219f0: e80b 8d51 

  0x000002b5aa9219f4: ; ImmutableOopMap {rdx=Oop r8=Oop r9=Oop rdi=Oop }
                      ;*synchronization entry
                      ; - java.security.ProtectionDomain$JavaSecurityAccessImpl::doIntersectionPrivilege@-1 (line 83)
  0x000002b5aa9219f4: 07e9 2cfc 

  0x000002b5aa9219f8: ;   {metadata({method} {0x000002b5bf435e00} 'doPrivileged' '(Ljava/security/PrivilegedAction;Ljava/security/AccessControlContext;)Ljava/lang/Object;' in 'java/security/AccessController')}
  0x000002b5aa9219f8: ffff 49ba | f85d 43bf | b502 0000 | 4c89 5424 | 0848 c704 | 24ff ffff 

  0x000002b5aa921a10: ;   {runtime_call counter_overflow Runtime1 stub}
  0x000002b5aa921a10: ffe8 ea8c 

  0x000002b5aa921a14: ; ImmutableOopMap {rax=Oop [96]=Oop }
                      ;*synchronization entry
                      ; - java.security.AccessController::doPrivileged@-1 (line 398)
                      ; - java.security.ProtectionDomain$JavaSecurityAccessImpl::doIntersectionPrivilege@18 (line 87)
  0x000002b5aa921a14: 5107 e9a2 

  0x000002b5aa921a18: ;   {metadata({method} {0x000002b5bf436088} 'executePrivileged' '(Ljava/security/PrivilegedAction;Ljava/security/AccessControlContext;Ljava/lang/Class;)Ljava/lang/Object;' in 'java/security/AccessController')}
  0x000002b5aa921a18: fcff ff49 | ba80 6043 | bfb5 0200 | 004c 8954 | 2408 48c7 | 0424 ffff 

  0x000002b5aa921a30: ;   {runtime_call counter_overflow Runtime1 stub}
  0x000002b5aa921a30: ffff e8c9 

  0x000002b5aa921a34: ; ImmutableOopMap {rax=Oop [96]=Oop [112]=Oop [120]=Oop }
                      ;*synchronization entry
                      ; - java.security.AccessController::executePrivileged@-1 (line 773)
                      ; - java.security.AccessController::doPrivileged@13 (line 400)
                      ; - java.security.ProtectionDomain$JavaSecurityAccessImpl::doIntersectionPrivilege@18 (line 87)
  0x000002b5aa921a34: 8c51 07e9 | 16fd ffff 

  0x000002b5aa921a3c: ;   {runtime_call throw_null_pointer_exception Runtime1 stub}
  0x000002b5aa921a3c: e83f 0851 

  0x000002b5aa921a40: ; ImmutableOopMap {r8=Oop [112]=Oop [120]=Oop }
                      ;*invokeinterface run {reexecute=0 rethrow=0 return_oop=0}
                      ; - java.security.AccessController::executePrivileged@29 (line 778)
                      ; - java.security.AccessController::doPrivileged@13 (line 400)
                      ; - java.security.ProtectionDomain$JavaSecurityAccessImpl::doIntersectionPrivilege@18 (line 87)
                      ;   {metadata({method} {0x000002b5bf037300} 'reachabilityFence' '(Ljava/lang/Object;)V' in 'java/lang/ref/Reference')}
  0x000002b5aa921a40: 0749 baf8 | 7203 bfb5 | 0200 004c | 8954 2408 | 48c7 0424 | ffff ffff 

  0x000002b5aa921a58: ;   {runtime_call counter_overflow Runtime1 stub}
  0x000002b5aa921a58: e8a3 8c51 

  0x000002b5aa921a5c: ; ImmutableOopMap {[112]=Oop [128]=Oop }
                      ;*synchronization entry
                      ; - java.lang.ref.Reference::reachabilityFence@-1 (line 628)
                      ; - java.security.AccessController::executePrivileged@60 (line 790)
                      ; - java.security.AccessController::doPrivileged@13 (line 400)
                      ; - java.security.ProtectionDomain$JavaSecurityAccessImpl::doIntersectionPrivilege@18 (line 87)
  0x000002b5aa921a5c: 07e9 83fe 

  0x000002b5aa921a60: ;   {metadata({method} {0x000002b5bf037300} 'reachabilityFence' '(Ljava/lang/Object;)V' in 'java/lang/ref/Reference')}
  0x000002b5aa921a60: ffff 49ba | f872 03bf | b502 0000 | 4c89 5424 | 0848 c704 | 24ff ffff 

  0x000002b5aa921a78: ;   {runtime_call counter_overflow Runtime1 stub}
  0x000002b5aa921a78: ffe8 828c 

  0x000002b5aa921a7c: ; ImmutableOopMap {[128]=Oop }
                      ;*synchronization entry
                      ; - java.lang.ref.Reference::reachabilityFence@-1 (line 628)
                      ; - java.security.AccessController::executePrivileged@64 (line 791)
                      ; - java.security.AccessController::doPrivileged@13 (line 400)
                      ; - java.security.ProtectionDomain$JavaSecurityAccessImpl::doIntersectionPrivilege@18 (line 87)
  0x000002b5aa921a7c: 5107 e99b 

  0x000002b5aa921a80: ;   {internal_word}
  0x000002b5aa921a80: feff ff49 | ba2e 1992 | aab5 0200 | 004d 8997 | 7004 0000 

  0x000002b5aa921a94: ;   {runtime_call SafepointBlob}
  0x000002b5aa921a94: e967 3c45 

  0x000002b5aa921a98: ;   {metadata(nullptr)}
  0x000002b5aa921a98: 0748 ba00 | 0000 0000 | 0000 00b8 | 000f 050a 

  0x000002b5aa921aa8: ;   {runtime_call load_klass_patching Runtime1 stub}
  0x000002b5aa921aa8: e853 7651 

  0x000002b5aa921aac: ; ImmutableOopMap {}
                      ;*new {reexecute=1 rethrow=0 return_oop=0}
                      ; - (reexecute) java.security.ProtectionDomain$JavaSecurityAccessImpl::doIntersectionPrivilege@4 (line 84)
  0x000002b5aa921aac: 07e9 8efe | ffff 488b 

  0x000002b5aa921ab4: ;   {runtime_call fast_new_instance Runtime1 stub}
  0x000002b5aa921ab4: d2e8 461e 

  0x000002b5aa921ab8: ; ImmutableOopMap {}
                      ;*new {reexecute=0 rethrow=0 return_oop=0}
                      ; - java.security.ProtectionDomain$JavaSecurityAccessImpl::doIntersectionPrivilege@4 (line 84)
  0x000002b5aa921ab8: 5107 e9dd | feff ff49 | 8b87 0805 | 0000 49c7 | 8708 0500 | 0000 0000 | 0049 c787 | 1005 0000 
  0x000002b5aa921ad8: 0000 0000 | 4881 c4a0 | 0000 005d 

  0x000002b5aa921ae4: ;   {runtime_call unwind_exception Runtime1 stub}
  0x000002b5aa921ae4: e917 f450 | 07f4 f4f4 | f4f4 f4f4 
[Stub Code]
  0x000002b5aa921af0: ;   {no_reloc}
  0x000002b5aa921af0: 0f1f 4400 

  0x000002b5aa921af4: ;   {static_stub}
  0x000002b5aa921af4: 0048 bb00 | 0000 0000 

  0x000002b5aa921afc: ;   {runtime_call}
  0x000002b5aa921afc: 0000 00e9 | fbff ffff 

  0x000002b5aa921b04: ;   {static_stub}
  0x000002b5aa921b04: 48bb 0000 | 0000 0000 

  0x000002b5aa921b0c: ;   {runtime_call}
  0x000002b5aa921b0c: 0000 e9fb 

  0x000002b5aa921b10: ;   {static_stub}
  0x000002b5aa921b10: ffff ff48 | bb00 0000 | 0000 0000 

  0x000002b5aa921b1c: ;   {runtime_call}
  0x000002b5aa921b1c: 00e9 fbff 

  0x000002b5aa921b20: ;   {static_stub}
  0x000002b5aa921b20: ffff 48bb | 0000 0000 | 0000 0000 

  0x000002b5aa921b2c: ;   {runtime_call}
  0x000002b5aa921b2c: e9fb ffff 

  0x000002b5aa921b30: ;   {static_stub}
  0x000002b5aa921b30: ff48 bb00 | 0000 0000 

  0x000002b5aa921b38: ;   {runtime_call}
  0x000002b5aa921b38: 0000 00e9 | fbff ffff 

  0x000002b5aa921b40: ;   {static_stub}
  0x000002b5aa921b40: 48bb 0000 | 0000 0000 

  0x000002b5aa921b48: ;   {runtime_call}
  0x000002b5aa921b48: 0000 e9fb 

  0x000002b5aa921b4c: ;   {runtime_call handle_exception_from_callee Runtime1 stub}
  0x000002b5aa921b4c: ffff ffe8 | 2c4a 5107 

  0x000002b5aa921b54: ;   {external_word}
  0x000002b5aa921b54: 48b9 c028 | 7357 fb7f | 0000 4883 

  0x000002b5aa921b60: ;   {runtime_call}
  0x000002b5aa921b60: e4f0 48b8 | 3099 3a57 | fb7f 0000 

  0x000002b5aa921b6c: ;   {section_word}
  0x000002b5aa921b6c: ffd0 f449 | ba6f 1b92 | aab5 0200 

  0x000002b5aa921b78: ;   {runtime_call DeoptimizationBlob}
  0x000002b5aa921b78: 0041 52e9 | 202e 4507 
[/MachCode]


---------------  P R O C E S S  ---------------

Threads class SMR info:
_java_thread_list=0x000002b60790f700, length=16, elements={
0x000002b5bebe4160, 0x000002b5bebe9ce0, 0x000002b5bebefc90, 0x000002b5bebf0a50,
0x000002b5bebf14b0, 0x000002b5bebf46d0, 0x000002b5bec045e0, 0x000002b5bec06cb0,
0x000002b6040c5360, 0x000002b6040c4cd0, 0x000002b6040c1ee0, 0x000002b6040c2c00,
0x000002b6040c3fb0, 0x000002b6040c2570, 0x000002b6040c3290, 0x000002b6040c3920
}

Java Threads: ( => current thread )
  0x000002b5bebe4160 JavaThread "Reference Handler"          daemon [_thread_blocked, id=5340, stack(0x000000ea99b00000,0x000000ea99c00000) (1024K)]
  0x000002b5bebe9ce0 JavaThread "Finalizer"                  daemon [_thread_blocked, id=11856, stack(0x000000ea99c00000,0x000000ea99d00000) (1024K)]
  0x000002b5bebefc90 JavaThread "Signal Dispatcher"          daemon [_thread_blocked, id=8188, stack(0x000000ea99d00000,0x000000ea99e00000) (1024K)]
  0x000002b5bebf0a50 JavaThread "Attach Listener"            daemon [_thread_blocked, id=13528, stack(0x000000ea99e00000,0x000000ea99f00000) (1024K)]
  0x000002b5bebf14b0 JavaThread "Service Thread"             daemon [_thread_blocked, id=7984, stack(0x000000ea99f00000,0x000000ea9a000000) (1024K)]
  0x000002b5bebf46d0 JavaThread "Monitor Deflation Thread"   daemon [_thread_blocked, id=14268, stack(0x000000ea9a000000,0x000000ea9a100000) (1024K)]
  0x000002b5bec045e0 JavaThread "C2 CompilerThread0"         daemon [_thread_blocked, id=240, stack(0x000000ea9a100000,0x000000ea9a200000) (1024K)]
  0x000002b5bec06cb0 JavaThread "C1 CompilerThread0"         daemon [_thread_blocked, id=9336, stack(0x000000ea9a200000,0x000000ea9a300000) (1024K)]
  0x000002b6040c5360 JavaThread "Common-Cleaner"             daemon [_thread_blocked, id=19912, stack(0x000000ea9a300000,0x000000ea9a400000) (1024K)]
  0x000002b6040c4cd0 JavaThread "Notification Thread"        daemon [_thread_blocked, id=7284, stack(0x000000ea9a400000,0x000000ea9a500000) (1024K)]
  0x000002b6040c1ee0 JavaThread "Java2D Disposer"            daemon [_thread_blocked, id=14628, stack(0x000000ea9a500000,0x000000ea9a600000) (1024K)]
  0x000002b6040c2c00 JavaThread "AWT-Shutdown"                      [_thread_blocked, id=15176, stack(0x000000ea9a600000,0x000000ea9a700000) (1024K)]
  0x000002b6040c3fb0 JavaThread "AWT-Windows"                daemon [_thread_in_native, id=18848, stack(0x000000ea9a700000,0x000000ea9a800000) (1024K)]
=>0x000002b6040c2570 JavaThread "AWT-EventQueue-0"                  [_thread_in_native, id=15212, stack(0x000000ea9a800000,0x000000ea9a900000) (1024K)]
  0x000002b6040c3290 JavaThread "DestroyJavaVM"                     [_thread_blocked, id=8372, stack(0x000000ea99300000,0x000000ea99400000) (1024K)]
  0x000002b6040c3920 JavaThread "TimerQueue"                 daemon [_thread_blocked, id=11752, stack(0x000000ea9ac00000,0x000000ea9ad00000) (1024K)]
Total: 16

Other Threads:
  0x000002b5bebcbbe0 VMThread "VM Thread"                           [id=16088, stack(0x000000ea99a00000,0x000000ea99b00000) (1024K)]
  0x000002b5bebb4570 WatcherThread "VM Periodic Task Thread"        [id=11292, stack(0x000000ea99900000,0x000000ea99a00000) (1024K)]
  0x000002b5a0d05130 WorkerThread "GC Thread#0"                     [id=15112, stack(0x000000ea99400000,0x000000ea99500000) (1024K)]
  0x000002b5a0d16010 ConcurrentGCThread "G1 Main Marker"            [id=18668, stack(0x000000ea99500000,0x000000ea99600000) (1024K)]
  0x000002b5a0d172c0 WorkerThread "G1 Conc#0"                       [id=18924, stack(0x000000ea99600000,0x000000ea99700000) (1024K)]
  0x000002b5bea724b0 ConcurrentGCThread "G1 Refine#0"               [id=19504, stack(0x000000ea99700000,0x000000ea99800000) (1024K)]
  0x000002b5bea75040 ConcurrentGCThread "G1 Service"                [id=8860, stack(0x000000ea99800000,0x000000ea99900000) (1024K)]
Total: 7

Threads with active compile tasks:
Total: 0

VM state: not at safepoint (normal execution)

VM Mutex/Monitor currently owned by a thread: None

Heap address: 0x0000000081600000, size: 2026 MB, Compressed Oops mode: 32-bit

CDS archive(s) mapped at: [0x000002b5bf000000-0x000002b5bfc60000-0x000002b5bfc60000), size 12976128, SharedBaseAddress: 0x000002b5bf000000, ArchiveRelocationMode: 1.
Compressed class space mapped at: 0x000002b5c0000000-0x000002b600000000, reserved size: 1073741824
Narrow klass base: 0x000002b5bf000000, Narrow klass shift: 0, Narrow klass range: 0x41000000

GC Precious Log:
 CardTable entry size: 512
 Card Set container configuration: InlinePtr #cards 5 size 8 Array Of Cards #cards 12 size 40 Howl #buckets 4 coarsen threshold 1843 Howl Bitmap #cards 512 size 80 coarsen threshold 460 Card regions per heap region 1 cards per card region 2048
 CPUs: 4 total, 4 available
 Memory: 8098M
 Large Page Support: Disabled
 NUMA Support: Disabled
 Compressed Oops: Enabled (32-bit)
 Heap Region Size: 1M
 Heap Min Capacity: 8M
 Heap Initial Capacity: 128M
 Heap Max Capacity: 2026M
 Pre-touch: Disabled
 Parallel Workers: 4
 Concurrent Workers: 1
 Concurrent Refinement Workers: 4
 Periodic GC: Disabled

Heap:
 garbage-first heap   total reserved 2074624K, committed 131072K, used 15360K [0x0000000081600000, 0x0000000100000000)
  region size 1024K, 8 young (8192K), 0 survivors (0K)
 Metaspace       used 8028K, committed 8320K, reserved 1114112K
  class space    used 904K, committed 1024K, reserved 1048576K

Heap Regions: E=young(eden), S=young(survivor), O=old, HS=humongous(starts), HC=humongous(continues), CS=collection set, F=free, TAMS=top-at-mark-start, PB=parsable bottom
|   0|0x0000000081600000, 0x0000000081700000, 0x0000000081700000|100%|HS|  |TAMS 0x0000000081600000| PB 0x0000000081600000| Complete |  0
|   1|0x0000000081700000, 0x0000000081800000, 0x0000000081800000|100%|HC|  |TAMS 0x0000000081700000| PB 0x0000000081700000| Complete |  0
|   2|0x0000000081800000, 0x0000000081900000, 0x0000000081900000|100%|HC|  |TAMS 0x0000000081800000| PB 0x0000000081800000| Complete |  0
|   3|0x0000000081900000, 0x0000000081a00000, 0x0000000081a00000|100%|HC|  |TAMS 0x0000000081900000| PB 0x0000000081900000| Complete |  0
|   4|0x0000000081a00000, 0x0000000081b00000, 0x0000000081b00000|100%|HC|  |TAMS 0x0000000081a00000| PB 0x0000000081a00000| Complete |  0
|   5|0x0000000081b00000, 0x0000000081c00000, 0x0000000081c00000|100%|HC|  |TAMS 0x0000000081b00000| PB 0x0000000081b00000| Complete |  0
|   6|0x0000000081c00000, 0x0000000081d00000, 0x0000000081d00000|100%|HC|  |TAMS 0x0000000081c00000| PB 0x0000000081c00000| Complete |  0
|   7|0x0000000081d00000, 0x0000000081e00000, 0x0000000081e00000|100%|HC|  |TAMS 0x0000000081d00000| PB 0x0000000081d00000| Complete |  0
|   8|0x0000000081e00000, 0x0000000081e00000, 0x0000000081f00000|  0%| F|  |TAMS 0x0000000081e00000| PB 0x0000000081e00000| Untracked |  0
|   9|0x0000000081f00000, 0x0000000081f00000, 0x0000000082000000|  0%| F|  |TAMS 0x0000000081f00000| PB 0x0000000081f00000| Untracked |  0
|  10|0x0000000082000000, 0x0000000082000000, 0x0000000082100000|  0%| F|  |TAMS 0x0000000082000000| PB 0x0000000082000000| Untracked |  0
|  11|0x0000000082100000, 0x0000000082100000, 0x0000000082200000|  0%| F|  |TAMS 0x0000000082100000| PB 0x0000000082100000| Untracked |  0
|  12|0x0000000082200000, 0x0000000082200000, 0x0000000082300000|  0%| F|  |TAMS 0x0000000082200000| PB 0x0000000082200000| Untracked |  0
|  13|0x0000000082300000, 0x0000000082300000, 0x0000000082400000|  0%| F|  |TAMS 0x0000000082300000| PB 0x0000000082300000| Untracked |  0
|  14|0x0000000082400000, 0x0000000082400000, 0x0000000082500000|  0%| F|  |TAMS 0x0000000082400000| PB 0x0000000082400000| Untracked |  0
|  15|0x0000000082500000, 0x0000000082500000, 0x0000000082600000|  0%| F|  |TAMS 0x0000000082500000| PB 0x0000000082500000| Untracked |  0
|  16|0x0000000082600000, 0x0000000082600000, 0x0000000082700000|  0%| F|  |TAMS 0x0000000082600000| PB 0x0000000082600000| Untracked |  0
|  17|0x0000000082700000, 0x0000000082700000, 0x0000000082800000|  0%| F|  |TAMS 0x0000000082700000| PB 0x0000000082700000| Untracked |  0
|  18|0x0000000082800000, 0x0000000082800000, 0x0000000082900000|  0%| F|  |TAMS 0x0000000082800000| PB 0x0000000082800000| Untracked |  0
|  19|0x0000000082900000, 0x0000000082900000, 0x0000000082a00000|  0%| F|  |TAMS 0x0000000082900000| PB 0x0000000082900000| Untracked |  0
|  20|0x0000000082a00000, 0x0000000082a00000, 0x0000000082b00000|  0%| F|  |TAMS 0x0000000082a00000| PB 0x0000000082a00000| Untracked |  0
|  21|0x0000000082b00000, 0x0000000082b00000, 0x0000000082c00000|  0%| F|  |TAMS 0x0000000082b00000| PB 0x0000000082b00000| Untracked |  0
|  22|0x0000000082c00000, 0x0000000082c00000, 0x0000000082d00000|  0%| F|  |TAMS 0x0000000082c00000| PB 0x0000000082c00000| Untracked |  0
|  23|0x0000000082d00000, 0x0000000082d00000, 0x0000000082e00000|  0%| F|  |TAMS 0x0000000082d00000| PB 0x0000000082d00000| Untracked |  0
|  24|0x0000000082e00000, 0x0000000082e00000, 0x0000000082f00000|  0%| F|  |TAMS 0x0000000082e00000| PB 0x0000000082e00000| Untracked |  0
|  25|0x0000000082f00000, 0x0000000082f00000, 0x0000000083000000|  0%| F|  |TAMS 0x0000000082f00000| PB 0x0000000082f00000| Untracked |  0
|  26|0x0000000083000000, 0x0000000083000000, 0x0000000083100000|  0%| F|  |TAMS 0x0000000083000000| PB 0x0000000083000000| Untracked |  0
|  27|0x0000000083100000, 0x0000000083100000, 0x0000000083200000|  0%| F|  |TAMS 0x0000000083100000| PB 0x0000000083100000| Untracked |  0
|  28|0x0000000083200000, 0x0000000083200000, 0x0000000083300000|  0%| F|  |TAMS 0x0000000083200000| PB 0x0000000083200000| Untracked |  0
|  29|0x0000000083300000, 0x0000000083300000, 0x0000000083400000|  0%| F|  |TAMS 0x0000000083300000| PB 0x0000000083300000| Untracked |  0
|  30|0x0000000083400000, 0x0000000083400000, 0x0000000083500000|  0%| F|  |TAMS 0x0000000083400000| PB 0x0000000083400000| Untracked |  0
|  31|0x0000000083500000, 0x0000000083500000, 0x0000000083600000|  0%| F|  |TAMS 0x0000000083500000| PB 0x0000000083500000| Untracked |  0
|  32|0x0000000083600000, 0x0000000083600000, 0x0000000083700000|  0%| F|  |TAMS 0x0000000083600000| PB 0x0000000083600000| Untracked |  0
|  33|0x0000000083700000, 0x0000000083700000, 0x0000000083800000|  0%| F|  |TAMS 0x0000000083700000| PB 0x0000000083700000| Untracked |  0
|  34|0x0000000083800000, 0x0000000083800000, 0x0000000083900000|  0%| F|  |TAMS 0x0000000083800000| PB 0x0000000083800000| Untracked |  0
|  35|0x0000000083900000, 0x0000000083900000, 0x0000000083a00000|  0%| F|  |TAMS 0x0000000083900000| PB 0x0000000083900000| Untracked |  0
|  36|0x0000000083a00000, 0x0000000083a00000, 0x0000000083b00000|  0%| F|  |TAMS 0x0000000083a00000| PB 0x0000000083a00000| Untracked |  0
|  37|0x0000000083b00000, 0x0000000083b00000, 0x0000000083c00000|  0%| F|  |TAMS 0x0000000083b00000| PB 0x0000000083b00000| Untracked |  0
|  38|0x0000000083c00000, 0x0000000083c00000, 0x0000000083d00000|  0%| F|  |TAMS 0x0000000083c00000| PB 0x0000000083c00000| Untracked |  0
|  39|0x0000000083d00000, 0x0000000083d00000, 0x0000000083e00000|  0%| F|  |TAMS 0x0000000083d00000| PB 0x0000000083d00000| Untracked |  0
|  40|0x0000000083e00000, 0x0000000083e00000, 0x0000000083f00000|  0%| F|  |TAMS 0x0000000083e00000| PB 0x0000000083e00000| Untracked |  0
|  41|0x0000000083f00000, 0x0000000083f00000, 0x0000000084000000|  0%| F|  |TAMS 0x0000000083f00000| PB 0x0000000083f00000| Untracked |  0
|  42|0x0000000084000000, 0x0000000084000000, 0x0000000084100000|  0%| F|  |TAMS 0x0000000084000000| PB 0x0000000084000000| Untracked |  0
|  43|0x0000000084100000, 0x0000000084100000, 0x0000000084200000|  0%| F|  |TAMS 0x0000000084100000| PB 0x0000000084100000| Untracked |  0
|  44|0x0000000084200000, 0x0000000084200000, 0x0000000084300000|  0%| F|  |TAMS 0x0000000084200000| PB 0x0000000084200000| Untracked |  0
|  45|0x0000000084300000, 0x0000000084300000, 0x0000000084400000|  0%| F|  |TAMS 0x0000000084300000| PB 0x0000000084300000| Untracked |  0
|  46|0x0000000084400000, 0x0000000084400000, 0x0000000084500000|  0%| F|  |TAMS 0x0000000084400000| PB 0x0000000084400000| Untracked |  0
|  47|0x0000000084500000, 0x0000000084500000, 0x0000000084600000|  0%| F|  |TAMS 0x0000000084500000| PB 0x0000000084500000| Untracked |  0
|  48|0x0000000084600000, 0x0000000084600000, 0x0000000084700000|  0%| F|  |TAMS 0x0000000084600000| PB 0x0000000084600000| Untracked |  0
|  49|0x0000000084700000, 0x0000000084700000, 0x0000000084800000|  0%| F|  |TAMS 0x0000000084700000| PB 0x0000000084700000| Untracked |  0
|  50|0x0000000084800000, 0x0000000084800000, 0x0000000084900000|  0%| F|  |TAMS 0x0000000084800000| PB 0x0000000084800000| Untracked |  0
|  51|0x0000000084900000, 0x0000000084900000, 0x0000000084a00000|  0%| F|  |TAMS 0x0000000084900000| PB 0x0000000084900000| Untracked |  0
|  52|0x0000000084a00000, 0x0000000084a00000, 0x0000000084b00000|  0%| F|  |TAMS 0x0000000084a00000| PB 0x0000000084a00000| Untracked |  0
|  53|0x0000000084b00000, 0x0000000084b00000, 0x0000000084c00000|  0%| F|  |TAMS 0x0000000084b00000| PB 0x0000000084b00000| Untracked |  0
|  54|0x0000000084c00000, 0x0000000084c00000, 0x0000000084d00000|  0%| F|  |TAMS 0x0000000084c00000| PB 0x0000000084c00000| Untracked |  0
|  55|0x0000000084d00000, 0x0000000084d00000, 0x0000000084e00000|  0%| F|  |TAMS 0x0000000084d00000| PB 0x0000000084d00000| Untracked |  0
|  56|0x0000000084e00000, 0x0000000084e00000, 0x0000000084f00000|  0%| F|  |TAMS 0x0000000084e00000| PB 0x0000000084e00000| Untracked |  0
|  57|0x0000000084f00000, 0x0000000084f00000, 0x0000000085000000|  0%| F|  |TAMS 0x0000000084f00000| PB 0x0000000084f00000| Untracked |  0
|  58|0x0000000085000000, 0x0000000085000000, 0x0000000085100000|  0%| F|  |TAMS 0x0000000085000000| PB 0x0000000085000000| Untracked |  0
|  59|0x0000000085100000, 0x0000000085100000, 0x0000000085200000|  0%| F|  |TAMS 0x0000000085100000| PB 0x0000000085100000| Untracked |  0
|  60|0x0000000085200000, 0x0000000085200000, 0x0000000085300000|  0%| F|  |TAMS 0x0000000085200000| PB 0x0000000085200000| Untracked |  0
|  61|0x0000000085300000, 0x0000000085300000, 0x0000000085400000|  0%| F|  |TAMS 0x0000000085300000| PB 0x0000000085300000| Untracked |  0
|  62|0x0000000085400000, 0x0000000085400000, 0x0000000085500000|  0%| F|  |TAMS 0x0000000085400000| PB 0x0000000085400000| Untracked |  0
|  63|0x0000000085500000, 0x0000000085500000, 0x0000000085600000|  0%| F|  |TAMS 0x0000000085500000| PB 0x0000000085500000| Untracked |  0
|  64|0x0000000085600000, 0x0000000085600000, 0x0000000085700000|  0%| F|  |TAMS 0x0000000085600000| PB 0x0000000085600000| Untracked |  0
|  65|0x0000000085700000, 0x0000000085700000, 0x0000000085800000|  0%| F|  |TAMS 0x0000000085700000| PB 0x0000000085700000| Untracked |  0
|  66|0x0000000085800000, 0x0000000085800000, 0x0000000085900000|  0%| F|  |TAMS 0x0000000085800000| PB 0x0000000085800000| Untracked |  0
|  67|0x0000000085900000, 0x0000000085900000, 0x0000000085a00000|  0%| F|  |TAMS 0x0000000085900000| PB 0x0000000085900000| Untracked |  0
|  68|0x0000000085a00000, 0x0000000085a00000, 0x0000000085b00000|  0%| F|  |TAMS 0x0000000085a00000| PB 0x0000000085a00000| Untracked |  0
|  69|0x0000000085b00000, 0x0000000085b00000, 0x0000000085c00000|  0%| F|  |TAMS 0x0000000085b00000| PB 0x0000000085b00000| Untracked |  0
|  70|0x0000000085c00000, 0x0000000085c00000, 0x0000000085d00000|  0%| F|  |TAMS 0x0000000085c00000| PB 0x0000000085c00000| Untracked |  0
|  71|0x0000000085d00000, 0x0000000085d00000, 0x0000000085e00000|  0%| F|  |TAMS 0x0000000085d00000| PB 0x0000000085d00000| Untracked |  0
|  72|0x0000000085e00000, 0x0000000085e00000, 0x0000000085f00000|  0%| F|  |TAMS 0x0000000085e00000| PB 0x0000000085e00000| Untracked |  0
|  73|0x0000000085f00000, 0x0000000085f00000, 0x0000000086000000|  0%| F|  |TAMS 0x0000000085f00000| PB 0x0000000085f00000| Untracked |  0
|  74|0x0000000086000000, 0x0000000086000000, 0x0000000086100000|  0%| F|  |TAMS 0x0000000086000000| PB 0x0000000086000000| Untracked |  0
|  75|0x0000000086100000, 0x0000000086100000, 0x0000000086200000|  0%| F|  |TAMS 0x0000000086100000| PB 0x0000000086100000| Untracked |  0
|  76|0x0000000086200000, 0x0000000086200000, 0x0000000086300000|  0%| F|  |TAMS 0x0000000086200000| PB 0x0000000086200000| Untracked |  0
|  77|0x0000000086300000, 0x0000000086300000, 0x0000000086400000|  0%| F|  |TAMS 0x0000000086300000| PB 0x0000000086300000| Untracked |  0
|  78|0x0000000086400000, 0x0000000086400000, 0x0000000086500000|  0%| F|  |TAMS 0x0000000086400000| PB 0x0000000086400000| Untracked |  0
|  79|0x0000000086500000, 0x0000000086500000, 0x0000000086600000|  0%| F|  |TAMS 0x0000000086500000| PB 0x0000000086500000| Untracked |  0
|  80|0x0000000086600000, 0x0000000086600000, 0x0000000086700000|  0%| F|  |TAMS 0x0000000086600000| PB 0x0000000086600000| Untracked |  0
|  81|0x0000000086700000, 0x0000000086700000, 0x0000000086800000|  0%| F|  |TAMS 0x0000000086700000| PB 0x0000000086700000| Untracked |  0
|  82|0x0000000086800000, 0x0000000086800000, 0x0000000086900000|  0%| F|  |TAMS 0x0000000086800000| PB 0x0000000086800000| Untracked |  0
|  83|0x0000000086900000, 0x0000000086900000, 0x0000000086a00000|  0%| F|  |TAMS 0x0000000086900000| PB 0x0000000086900000| Untracked |  0
|  84|0x0000000086a00000, 0x0000000086a00000, 0x0000000086b00000|  0%| F|  |TAMS 0x0000000086a00000| PB 0x0000000086a00000| Untracked |  0
|  85|0x0000000086b00000, 0x0000000086b00000, 0x0000000086c00000|  0%| F|  |TAMS 0x0000000086b00000| PB 0x0000000086b00000| Untracked |  0
|  86|0x0000000086c00000, 0x0000000086c00000, 0x0000000086d00000|  0%| F|  |TAMS 0x0000000086c00000| PB 0x0000000086c00000| Untracked |  0
|  87|0x0000000086d00000, 0x0000000086d00000, 0x0000000086e00000|  0%| F|  |TAMS 0x0000000086d00000| PB 0x0000000086d00000| Untracked |  0
|  88|0x0000000086e00000, 0x0000000086e00000, 0x0000000086f00000|  0%| F|  |TAMS 0x0000000086e00000| PB 0x0000000086e00000| Untracked |  0
|  89|0x0000000086f00000, 0x0000000086f00000, 0x0000000087000000|  0%| F|  |TAMS 0x0000000086f00000| PB 0x0000000086f00000| Untracked |  0
|  90|0x0000000087000000, 0x0000000087000000, 0x0000000087100000|  0%| F|  |TAMS 0x0000000087000000| PB 0x0000000087000000| Untracked |  0
|  91|0x0000000087100000, 0x0000000087100000, 0x0000000087200000|  0%| F|  |TAMS 0x0000000087100000| PB 0x0000000087100000| Untracked |  0
|  92|0x0000000087200000, 0x0000000087200000, 0x0000000087300000|  0%| F|  |TAMS 0x0000000087200000| PB 0x0000000087200000| Untracked |  0
|  93|0x0000000087300000, 0x0000000087300000, 0x0000000087400000|  0%| F|  |TAMS 0x0000000087300000| PB 0x0000000087300000| Untracked |  0
|  94|0x0000000087400000, 0x0000000087400000, 0x0000000087500000|  0%| F|  |TAMS 0x0000000087400000| PB 0x0000000087400000| Untracked |  0
|  95|0x0000000087500000, 0x0000000087500000, 0x0000000087600000|  0%| F|  |TAMS 0x0000000087500000| PB 0x0000000087500000| Untracked |  0
|  96|0x0000000087600000, 0x0000000087600000, 0x0000000087700000|  0%| F|  |TAMS 0x0000000087600000| PB 0x0000000087600000| Untracked |  0
|  97|0x0000000087700000, 0x0000000087700000, 0x0000000087800000|  0%| F|  |TAMS 0x0000000087700000| PB 0x0000000087700000| Untracked |  0
|  98|0x0000000087800000, 0x0000000087800000, 0x0000000087900000|  0%| F|  |TAMS 0x0000000087800000| PB 0x0000000087800000| Untracked |  0
|  99|0x0000000087900000, 0x0000000087900000, 0x0000000087a00000|  0%| F|  |TAMS 0x0000000087900000| PB 0x0000000087900000| Untracked |  0
| 100|0x0000000087a00000, 0x0000000087a00000, 0x0000000087b00000|  0%| F|  |TAMS 0x0000000087a00000| PB 0x0000000087a00000| Untracked |  0
| 101|0x0000000087b00000, 0x0000000087b00000, 0x0000000087c00000|  0%| F|  |TAMS 0x0000000087b00000| PB 0x0000000087b00000| Untracked |  0
| 102|0x0000000087c00000, 0x0000000087c00000, 0x0000000087d00000|  0%| F|  |TAMS 0x0000000087c00000| PB 0x0000000087c00000| Untracked |  0
| 103|0x0000000087d00000, 0x0000000087d00000, 0x0000000087e00000|  0%| F|  |TAMS 0x0000000087d00000| PB 0x0000000087d00000| Untracked |  0
| 104|0x0000000087e00000, 0x0000000087e00000, 0x0000000087f00000|  0%| F|  |TAMS 0x0000000087e00000| PB 0x0000000087e00000| Untracked |  0
| 105|0x0000000087f00000, 0x0000000087f00000, 0x0000000088000000|  0%| F|  |TAMS 0x0000000087f00000| PB 0x0000000087f00000| Untracked |  0
| 106|0x0000000088000000, 0x0000000088000000, 0x0000000088100000|  0%| F|  |TAMS 0x0000000088000000| PB 0x0000000088000000| Untracked |  0
| 107|0x0000000088100000, 0x0000000088100000, 0x0000000088200000|  0%| F|  |TAMS 0x0000000088100000| PB 0x0000000088100000| Untracked |  0
| 108|0x0000000088200000, 0x0000000088200000, 0x0000000088300000|  0%| F|  |TAMS 0x0000000088200000| PB 0x0000000088200000| Untracked |  0
| 109|0x0000000088300000, 0x0000000088300000, 0x0000000088400000|  0%| F|  |TAMS 0x0000000088300000| PB 0x0000000088300000| Untracked |  0
| 110|0x0000000088400000, 0x0000000088400000, 0x0000000088500000|  0%| F|  |TAMS 0x0000000088400000| PB 0x0000000088400000| Untracked |  0
| 111|0x0000000088500000, 0x0000000088500000, 0x0000000088600000|  0%| F|  |TAMS 0x0000000088500000| PB 0x0000000088500000| Untracked |  0
| 112|0x0000000088600000, 0x0000000088600000, 0x0000000088700000|  0%| F|  |TAMS 0x0000000088600000| PB 0x0000000088600000| Untracked |  0
| 113|0x0000000088700000, 0x0000000088700000, 0x0000000088800000|  0%| F|  |TAMS 0x0000000088700000| PB 0x0000000088700000| Untracked |  0
| 114|0x0000000088800000, 0x0000000088800000, 0x0000000088900000|  0%| F|  |TAMS 0x0000000088800000| PB 0x0000000088800000| Untracked |  0
| 115|0x0000000088900000, 0x0000000088900000, 0x0000000088a00000|  0%| F|  |TAMS 0x0000000088900000| PB 0x0000000088900000| Untracked |  0
| 116|0x0000000088a00000, 0x0000000088a00000, 0x0000000088b00000|  0%| F|  |TAMS 0x0000000088a00000| PB 0x0000000088a00000| Untracked |  0
| 117|0x0000000088b00000, 0x0000000088b00000, 0x0000000088c00000|  0%| F|  |TAMS 0x0000000088b00000| PB 0x0000000088b00000| Untracked |  0
| 118|0x0000000088c00000, 0x0000000088c00000, 0x0000000088d00000|  0%| F|  |TAMS 0x0000000088c00000| PB 0x0000000088c00000| Untracked |  0
| 119|0x0000000088d00000, 0x0000000088d00000, 0x0000000088e00000|  0%| F|  |TAMS 0x0000000088d00000| PB 0x0000000088d00000| Untracked |  0
| 120|0x0000000088e00000, 0x0000000088e8f620, 0x0000000088f00000| 56%| E|  |TAMS 0x0000000088e00000| PB 0x0000000088e00000| Complete |  0
| 121|0x0000000088f00000, 0x0000000089000000, 0x0000000089000000|100%| E|CS|TAMS 0x0000000088f00000| PB 0x0000000088f00000| Complete |  0
| 122|0x0000000089000000, 0x0000000089100000, 0x0000000089100000|100%| E|CS|TAMS 0x0000000089000000| PB 0x0000000089000000| Complete |  0
| 123|0x0000000089100000, 0x0000000089200000, 0x0000000089200000|100%| E|CS|TAMS 0x0000000089100000| PB 0x0000000089100000| Complete |  0
| 124|0x0000000089200000, 0x0000000089300000, 0x0000000089300000|100%| E|CS|TAMS 0x0000000089200000| PB 0x0000000089200000| Complete |  0
| 125|0x0000000089300000, 0x0000000089400000, 0x0000000089400000|100%| E|CS|TAMS 0x0000000089300000| PB 0x0000000089300000| Complete |  0
| 126|0x0000000089400000, 0x0000000089500000, 0x0000000089500000|100%| E|CS|TAMS 0x0000000089400000| PB 0x0000000089400000| Complete |  0
| 127|0x0000000089500000, 0x0000000089600000, 0x0000000089600000|100%| E|CS|TAMS 0x0000000089500000| PB 0x0000000089500000| Complete |  0

Card table byte_map: [0x000002b5ba210000,0x000002b5ba610000] _byte_map_base: 0x000002b5b9e05000

Marking Bits: (CMBitMap*) 0x000002b5a0d05840
 Bits: [0x000002b5ba610000, 0x000002b5bc5b8000)

Polling page: 0x000002b5a0b60000

Metaspace:

Usage:
  Non-class:      6.96 MB used.
      Class:    904.19 KB used.
       Both:      7.84 MB used.

Virtual space:
  Non-class space:       64.00 MB reserved,       7.12 MB ( 11%) committed,  1 nodes.
      Class space:        1.00 GB reserved,       1.00 MB ( <1%) committed,  1 nodes.
             Both:        1.06 GB reserved,       8.12 MB ( <1%) committed. 

Chunk freelists:
   Non-Class:  8.50 MB
       Class:  14.99 MB
        Both:  23.49 MB

MaxMetaspaceSize: unlimited
CompressedClassSpaceSize: 1.00 GB
Initial GC threshold: 21.00 MB
Current GC threshold: 21.00 MB
CDS: on
 - commit_granule_bytes: 65536.
 - commit_granule_words: 8192.
 - virtual_space_node_default_size: 8388608.
 - enlarge_chunks_in_place: 1.
 - use_allocation_guard: 0.


Internal statistics:

num_allocs_failed_limit: 0.
num_arena_births: 140.
num_arena_deaths: 0.
num_vsnodes_births: 2.
num_vsnodes_deaths: 0.
num_space_committed: 130.
num_space_uncommitted: 0.
num_chunks_returned_to_freelist: 0.
num_chunks_taken_from_freelist: 189.
num_chunk_merges: 0.
num_chunk_splits: 109.
num_chunks_enlarged: 41.
num_inconsistent_stats: 0.

CodeHeap 'non-profiled nmethods': size=120000Kb used=277Kb max_used=277Kb free=119722Kb
 bounds [0x000002b5b22c0000, 0x000002b5b2530000, 0x000002b5b97f0000]
CodeHeap 'profiled nmethods': size=120000Kb used=1445Kb max_used=1445Kb free=118554Kb
 bounds [0x000002b5aa7f0000, 0x000002b5aaa60000, 0x000002b5b1d20000]
CodeHeap 'non-nmethods': size=5760Kb used=1564Kb max_used=1579Kb free=4195Kb
 bounds [0x000002b5b1d20000, 0x000002b5b1f90000, 0x000002b5b22c0000]
 total_blobs=1661 nmethods=1033 adapters=533
 compilation: enabled
              stopped_count=0, restarted_count=0
 full_count=0

Compilation events (20 events):
Event: 272.336 Thread 0x000002b5bec06cb0 1023       1       javax.swing.AbstractButton::getHorizontalAlignment (5 bytes)
Event: 272.336 Thread 0x000002b5bec06cb0 nmethod 1023 0x000002b5b2304710 code [0x000002b5b23048a0, 0x000002b5b2304970]
Event: 272.336 Thread 0x000002b5bec06cb0 1024       1       javax.swing.AbstractButton::getVerticalTextPosition (5 bytes)
Event: 272.336 Thread 0x000002b5bec06cb0 nmethod 1024 0x000002b5b2304a10 code [0x000002b5b2304ba0, 0x000002b5b2304c70]
Event: 272.336 Thread 0x000002b5bec06cb0 1025       1       javax.swing.AbstractButton::getHorizontalTextPosition (5 bytes)
Event: 272.337 Thread 0x000002b5bec06cb0 nmethod 1025 0x000002b5b2304d10 code [0x000002b5b2304ea0, 0x000002b5b2304f70]
Event: 272.337 Thread 0x000002b5bec06cb0 1026       1       javax.swing.AbstractButton::getIconTextGap (5 bytes)
Event: 272.337 Thread 0x000002b5bec06cb0 nmethod 1026 0x000002b5b2305010 code [0x000002b5b23051a0, 0x000002b5b2305270]
Event: 307.572 Thread 0x000002b5bec06cb0 1027       3       java.lang.invoke.LambdaForm$MH/0x000002b5c000e400::invoke (25 bytes)
Event: 307.572 Thread 0x000002b5bec06cb0 nmethod 1027 0x000002b5aa956390 code [0x000002b5aa956540, 0x000002b5aa956a40]
Event: 307.620 Thread 0x000002b5bec06cb0 1028       3       java.lang.invoke.InnerClassLambdaMetafactory::getOpcodeOffset (38 bytes)
Event: 307.621 Thread 0x000002b5bec06cb0 nmethod 1028 0x000002b5aa956b90 code [0x000002b5aa956d60, 0x000002b5aa957018]
Event: 307.627 Thread 0x000002b5bec06cb0 1029       3       java.beans.PropertyChangeSupport::firePropertyChange (35 bytes)
Event: 307.628 Thread 0x000002b5bec06cb0 nmethod 1029 0x000002b5aa957110 code [0x000002b5aa957320, 0x000002b5aa957a98]
Event: 307.741 Thread 0x000002b5bec045e0 1030       4       java.util.HashMap::hash (20 bytes)
Event: 307.742 Thread 0x000002b5bec06cb0 1031   !   3       java.awt.Toolkit::setDesktopProperty (81 bytes)
Event: 307.743 Thread 0x000002b5bec045e0 nmethod 1030 0x000002b5b2305310 code [0x000002b5b23054a0, 0x000002b5b2305590]
Event: 307.743 Thread 0x000002b5bec06cb0 nmethod 1031 0x000002b5aa957c90 code [0x000002b5aa957ea0, 0x000002b5aa9586a0]
Event: 309.112 Thread 0x000002b5bec06cb0 1032       3       java.util.concurrent.locks.AbstractQueuedSynchronizer$ConditionNode::isReleasable (23 bytes)
Event: 309.112 Thread 0x000002b5bec06cb0 nmethod 1032 0x000002b5aa958990 code [0x000002b5aa958b20, 0x000002b5aa958d70]

GC Heap History (0 events):
No events

Dll operation events (8 events):
Event: 0.011 Loaded shared library C:\Program Files\Java\jdk-22\bin\java.dll
Event: 0.049 Loaded shared library C:\Program Files\Java\jdk-22\bin\jsvml.dll
Event: 0.094 Loaded shared library C:\Program Files\Java\jdk-22\bin\net.dll
Event: 0.097 Loaded shared library C:\Program Files\Java\jdk-22\bin\nio.dll
Event: 0.150 Loaded shared library C:\Program Files\Java\jdk-22\bin\jimage.dll
Event: 0.171 Loaded shared library C:\Program Files\Java\jdk-22\bin\awt.dll
Event: 0.441 Loaded shared library C:\Program Files\Java\jdk-22\bin\freetype.dll
Event: 0.442 Loaded shared library C:\Program Files\Java\jdk-22\bin\fontmanager.dll

Deoptimization events (4 events):
Event: 0.328 Thread 0x000002b5a0bad430 Uncommon trap: trap_request=0xffffff45 fr.pc=0x000002b5b22cfac0 relative=0x0000000000000a00
Event: 0.328 Thread 0x000002b5a0bad430 Uncommon trap: reason=unstable_if action=reinterpret pc=0x000002b5b22cfac0 method=java.util.HashMap.putVal(ILjava/lang/Object;Ljava/lang/Object;ZZ)Ljava/lang/Object; @ 236 c2
Event: 0.328 Thread 0x000002b5a0bad430 DEOPT PACKING pc=0x000002b5b22cfac0 sp=0x000000ea993fe070
Event: 0.328 Thread 0x000002b5a0bad430 DEOPT UNPACKING pc=0x000002b5b1d746a2 sp=0x000000ea993fe028 mode 2

Classes loaded (20 events):
Event: 4.152 Loading class sun/awt/SunToolkit$1
Event: 4.153 Loading class sun/awt/SunToolkit$1 done
Event: 4.153 Loading class java/awt/GridLayout
Event: 4.153 Loading class java/awt/GridLayout done
Event: 4.161 Loading class javax/swing/BoxLayout
Event: 4.161 Loading class javax/swing/BoxLayout done
Event: 4.161 Loading class javax/swing/BorderFactory
Event: 4.161 Loading class javax/swing/BorderFactory done
Event: 4.161 Loading class javax/swing/border/BevelBorder
Event: 4.162 Loading class javax/swing/border/BevelBorder done
Event: 4.162 Loading class javax/swing/border/EtchedBorder
Event: 4.162 Loading class javax/swing/border/EtchedBorder done
Event: 4.164 Loading class javax/swing/SizeRequirements
Event: 4.164 Loading class javax/swing/SizeRequirements done
Event: 261.167 Loading class sun/awt/DebugSettings
Event: 261.168 Loading class sun/awt/DebugSettings done
Event: 261.168 Loading class javax/swing/JComponent$KeyboardState
Event: 261.169 Loading class javax/swing/JComponent$KeyboardState done
Event: 261.169 Loading class javax/swing/JComponent$IntVector
Event: 261.169 Loading class javax/swing/JComponent$IntVector done

Classes unloaded (0 events):
No events

Classes redefined (0 events):
No events

Internal exceptions (15 events):
Event: 0.099 Thread 0x000002b5a0bad430 Exception <a 'sun/nio/fs/WindowsException'{0x00000000894bbdf8}> (0x00000000894bbdf8) 
thrown [s\open\src\hotspot\share\prims\jni.cpp, line 520]
Event: 0.102 Thread 0x000002b5a0bad430 Exception <a 'sun/nio/fs/WindowsException'{0x00000000894be258}> (0x00000000894be258) 
thrown [s\open\src\hotspot\share\prims\jni.cpp, line 520]
Event: 0.102 Thread 0x000002b5a0bad430 Exception <a 'sun/nio/fs/WindowsException'{0x00000000894bed00}> (0x00000000894bed00) 
thrown [s\open\src\hotspot\share\prims\jni.cpp, line 520]
Event: 0.102 Thread 0x000002b5a0bad430 Exception <a 'sun/nio/fs/WindowsException'{0x00000000894bf7a0}> (0x00000000894bf7a0) 
thrown [s\open\src\hotspot\share\prims\jni.cpp, line 520]
Event: 0.158 Thread 0x000002b5a0bad430 Exception <a 'java/lang/ClassNotFoundException'{0x0000000089368358}: sun/awt/resources/spi/awtProvider> (0x0000000089368358) 
thrown [s\open\src\hotspot\share\classfile\systemDictionary.cpp, line 313]
Event: 0.190 Thread 0x000002b5a0bad430 Exception <a 'java/io/FileNotFoundException'{0x00000000893bc218}> (0x00000000893bc218) 
thrown [s\open\src\hotspot\share\prims\jni.cpp, line 520]
Event: 0.200 Thread 0x000002b5a0bad430 Exception <a 'java/io/FileNotFoundException'{0x00000000893ea6f0}> (0x00000000893ea6f0) 
thrown [s\open\src\hotspot\share\prims\jni.cpp, line 520]
Event: 0.331 Thread 0x000002b5a0bad430 Exception <a 'java/lang/NoSuchMethodError'{0x0000000089283b88}: 'void java.lang.invoke.DirectMethodHandle$Holder.invokeSpecial(java.lang.Object, java.lang.Object, java.lang.Object)'> (0x0000000089283b88) 
thrown [s\open\src\hotspot\share\interpreter\linkResolver.cpp, line 774]
Event: 0.343 Thread 0x000002b5a0bad430 Exception <a 'java/lang/NoSuchMethodError'{0x000000008911a710}: 'java.lang.Object java.lang.invoke.DirectMethodHandle$Holder.newInvokeSpecial(java.lang.Object, java.lang.Object, java.lang.Object, java.lang.Object, java.lang.Object)'> (0x000000008911a710) 
thrown [s\open\src\hotspot\share\interpreter\linkResolver.cpp, line 774]
Event: 0.352 Thread 0x000002b5a0bad430 Exception <a 'java/lang/NoSuchMethodError'{0x0000000089147028}: 'java.lang.Object java.lang.invoke.DirectMethodHandle$Holder.invokeStatic(java.lang.Object, int, java.lang.Object)'> (0x0000000089147028) 
thrown [s\open\src\hotspot\share\interpreter\linkResolver.cpp, line 774]
Event: 0.385 Thread 0x000002b5a0bad430 Exception <a 'java/lang/ClassNotFoundException'{0x00000000891e9190}: com/sun/swing/internal/plaf/metal/resources/spi/metalProvider> (0x00000000891e9190) 
thrown [s\open\src\hotspot\share\classfile\systemDictionary.cpp, line 313]
Event: 0.386 Thread 0x000002b5a0bad430 Exception <a 'java/lang/ClassNotFoundException'{0x00000000891ed0f0}: com/sun/swing/internal/plaf/basic/resources/spi/basicProvider> (0x00000000891ed0f0) 
thrown [s\open\src\hotspot\share\classfile\systemDictionary.cpp, line 313]
Event: 0.401 Thread 0x000002b5a0bad430 Exception <a 'java/lang/NoSuchMethodError'{0x000000008900cc58}: 'int java.lang.invoke.Invokers$Holder.invokeExact_MT(java.lang.Object, java.lang.Object)'> (0x000000008900cc58) 
thrown [s\open\src\hotspot\share\interpreter\linkResolver.cpp, line 774]
Event: 0.527 Thread 0x000002b5a0bad430 Exception <a 'java/lang/NoSuchMethodError'{0x00000000890dd2f0}: 'void java.lang.invoke.DirectMethodHandle$Holder.invokeStaticInit(java.lang.Object)'> (0x00000000890dd2f0) 
thrown [s\open\src\hotspot\share\interpreter\linkResolver.cpp, line 774]
Event: 0.625 Thread 0x000002b6040c3fb0 Exception <a 'java/lang/NoSuchMethodError'{0x00000000892e6878}: 'void java.lang.invoke.DirectMethodHandle$Holder.invokeVirtual(java.lang.Object, java.lang.Object)'> (0x00000000892e6878) 
thrown [s\open\src\hotspot\share\interpreter\linkResolver.cpp, line 774]

ZGC Phase Switch (0 events):
No events

VM Operations (20 events):
Event: 5.468 Executing VM operation: Cleanup
Event: 5.468 Executing VM operation: Cleanup done
Event: 7.475 Executing VM operation: Cleanup
Event: 7.475 Executing VM operation: Cleanup done
Event: 60.117 Executing VM operation: HandshakeAllThreads (HandshakeForDeflation)
Event: 60.117 Executing VM operation: HandshakeAllThreads (HandshakeForDeflation) done
Event: 60.117 Executing VM operation: RendezvousGCThreads
Event: 60.117 Executing VM operation: RendezvousGCThreads done
Event: 258.329 Executing VM operation: Cleanup
Event: 258.329 Executing VM operation: Cleanup done
Event: 261.347 Executing VM operation: Cleanup
Event: 261.348 Executing VM operation: Cleanup done
Event: 272.437 Executing VM operation: Cleanup
Event: 272.437 Executing VM operation: Cleanup done
Event: 300.537 Executing VM operation: HandshakeAllThreads (HandshakeForDeflation)
Event: 300.537 Executing VM operation: HandshakeAllThreads (HandshakeForDeflation) done
Event: 300.537 Executing VM operation: RendezvousGCThreads
Event: 300.537 Executing VM operation: RendezvousGCThreads done
Event: 308.610 Executing VM operation: Cleanup
Event: 308.610 Executing VM operation: Cleanup done

Memory protections (0 events):
No events

Nmethod flushes (0 events):
No events

Events (18 events):
Event: 0.030 Thread 0x000002b5a0bad430 Thread added: 0x000002b5a0bad430
Event: 0.045 Thread 0x000002b5a0bad430 Thread added: 0x000002b5bebe4160
Event: 0.046 Thread 0x000002b5a0bad430 Thread added: 0x000002b5bebe9ce0
Event: 0.046 Thread 0x000002b5a0bad430 Thread added: 0x000002b5bebefc90
Event: 0.046 Thread 0x000002b5a0bad430 Thread added: 0x000002b5bebf0a50
Event: 0.046 Thread 0x000002b5a0bad430 Thread added: 0x000002b5bebf14b0
Event: 0.046 Thread 0x000002b5a0bad430 Thread added: 0x000002b5bebf46d0
Event: 0.046 Thread 0x000002b5a0bad430 Thread added: 0x000002b5bec045e0
Event: 0.047 Thread 0x000002b5a0bad430 Thread added: 0x000002b5bec06cb0
Event: 0.078 Thread 0x000002b5a0bad430 Thread added: 0x000002b6040c5360
Event: 0.123 Thread 0x000002b5a0bad430 Thread added: 0x000002b6040c4cd0
Event: 0.265 Thread 0x000002b5a0bad430 Thread added: 0x000002b6040c1ee0
Event: 0.267 Thread 0x000002b5a0bad430 Thread added: 0x000002b6040c2c00
Event: 0.270 Thread 0x000002b5a0bad430 Thread added: 0x000002b6040c3fb0
Event: 0.506 Thread 0x000002b6040c3fb0 Thread added: 0x000002b6040c2570
Event: 0.632 Thread 0x000002b5a0bad430 Thread exited: 0x000002b5a0bad430
Event: 0.632 Thread 0x000002b6040c3290 Thread added: 0x000002b6040c3290
Event: 0.729 Thread 0x000002b6040c2570 Thread added: 0x000002b6040c3920


Dynamic libraries:
0x00007ff73e280000 - 0x00007ff73e290000 	C:\Program Files\Java\jdk-22\bin\java.exe
0x00007ffbcefd0000 - 0x00007ffbcf1c8000 	C:\WINDOWS\SYSTEM32\ntdll.dll
0x00007ffbce370000 - 0x00007ffbce432000 	C:\WINDOWS\System32\KERNEL32.DLL
0x00007ffbccbd0000 - 0x00007ffbccec6000 	C:\WINDOWS\System32\KERNELBASE.dll
0x00007ffbccf00000 - 0x00007ffbcd000000 	C:\WINDOWS\System32\ucrtbase.dll
0x00007ffbb8a00000 - 0x00007ffbb8a1b000 	C:\Program Files\Java\jdk-22\bin\VCRUNTIME140.dll
0x00007ffbc0290000 - 0x00007ffbc02a7000 	C:\Program Files\Java\jdk-22\bin\jli.dll
0x00007ffbce440000 - 0x00007ffbce5dd000 	C:\WINDOWS\System32\USER32.dll
0x00007ffbcced0000 - 0x00007ffbccef2000 	C:\WINDOWS\System32\win32u.dll
0x00007ffbc12e0000 - 0x00007ffbc157a000 	C:\WINDOWS\WinSxS\amd64_microsoft.windows.common-controls_6595b64144ccf1df_6.0.19041.5794_none_60bcd33171f2783c\COMCTL32.dll
0x00007ffbcde80000 - 0x00007ffbcdeab000 	C:\WINDOWS\System32\GDI32.dll
0x00007ffbcecc0000 - 0x00007ffbced5e000 	C:\WINDOWS\System32\msvcrt.dll
0x00007ffbcc8b0000 - 0x00007ffbcc9ca000 	C:\WINDOWS\System32\gdi32full.dll
0x00007ffbcca50000 - 0x00007ffbccaed000 	C:\WINDOWS\System32\msvcp_win.dll
0x00007ffbcd910000 - 0x00007ffbcd93f000 	C:\WINDOWS\System32\IMM32.DLL
0x00007ffbc5780000 - 0x00007ffbc578c000 	C:\Program Files\Java\jdk-22\bin\vcruntime140_1.dll
0x00007ffb9a4e0000 - 0x00007ffb9a56e000 	C:\Program Files\Java\jdk-22\bin\msvcp140.dll
0x00007ffb56d70000 - 0x00007ffb57ab9000 	C:\Program Files\Java\jdk-22\bin\server\jvm.dll
0x00007ffbcdec0000 - 0x00007ffbcdf6f000 	C:\WINDOWS\System32\ADVAPI32.dll
0x00007ffbcd000000 - 0x00007ffbcd09f000 	C:\WINDOWS\System32\sechost.dll
0x00007ffbcee60000 - 0x00007ffbcef83000 	C:\WINDOWS\System32\RPCRT4.dll
0x00007ffbcc670000 - 0x00007ffbcc697000 	C:\WINDOWS\System32\bcrypt.dll
0x00007ffbce890000 - 0x00007ffbce8fb000 	C:\WINDOWS\System32\WS2_32.dll
0x00007ffbcbbc0000 - 0x00007ffbcbc0b000 	C:\WINDOWS\SYSTEM32\POWRPROF.dll
0x00007ffbc2360000 - 0x00007ffbc2387000 	C:\WINDOWS\SYSTEM32\WINMM.dll
0x00007ffbc2490000 - 0x00007ffbc249a000 	C:\WINDOWS\SYSTEM32\VERSION.dll
0x00007ffbcba30000 - 0x00007ffbcba42000 	C:\WINDOWS\SYSTEM32\UMPDC.dll
0x00007ffbca4b0000 - 0x00007ffbca4c2000 	C:\WINDOWS\SYSTEM32\kernel.appcore.dll
0x00007ffbc4810000 - 0x00007ffbc481a000 	C:\Program Files\Java\jdk-22\bin\jimage.dll
0x00007ffbc6e60000 - 0x00007ffbc7061000 	C:\WINDOWS\SYSTEM32\DBGHELP.DLL
0x00007ffbc6b60000 - 0x00007ffbc6b94000 	C:\WINDOWS\SYSTEM32\dbgcore.DLL
0x00007ffbccaf0000 - 0x00007ffbccb72000 	C:\WINDOWS\System32\bcryptPrimitives.dll
0x00007ffbb62b0000 - 0x00007ffbb62ce000 	C:\Program Files\Java\jdk-22\bin\java.dll
0x00007ffbcd0a0000 - 0x00007ffbcd80e000 	C:\WINDOWS\System32\SHELL32.dll
0x00007ffbce240000 - 0x00007ffbce36b000 	C:\WINDOWS\System32\ole32.dll
0x00007ffbce900000 - 0x00007ffbcec53000 	C:\WINDOWS\System32\combase.dll
0x00007ffbca6b0000 - 0x00007ffbcae53000 	C:\WINDOWS\SYSTEM32\windows.storage.dll
0x00007ffbcbfc0000 - 0x00007ffbcbfeb000 	C:\WINDOWS\SYSTEM32\Wldp.dll
0x00007ffbcd940000 - 0x00007ffbcda0d000 	C:\WINDOWS\System32\OLEAUT32.dll
0x00007ffbce720000 - 0x00007ffbce7cd000 	C:\WINDOWS\System32\SHCORE.dll
0x00007ffbce660000 - 0x00007ffbce6b5000 	C:\WINDOWS\System32\shlwapi.dll
0x00007ffbcc5a0000 - 0x00007ffbcc5c5000 	C:\WINDOWS\SYSTEM32\profapi.dll
0x00007ffba8aa0000 - 0x00007ffba8b77000 	C:\Program Files\Java\jdk-22\bin\jsvml.dll
0x00007ffbc4670000 - 0x00007ffbc4680000 	C:\Program Files\Java\jdk-22\bin\net.dll
0x00007ffbcbda0000 - 0x00007ffbcbe0c000 	C:\WINDOWS\system32\mswsock.dll
0x00007ffbb13d0000 - 0x00007ffbb13e6000 	C:\Program Files\Java\jdk-22\bin\nio.dll
0x00007ffb8d560000 - 0x00007ffb8d6ee000 	C:\Program Files\Java\jdk-22\bin\awt.dll
0x00007ffbc9890000 - 0x00007ffbc9924000 	C:\WINDOWS\SYSTEM32\apphelp.dll
0x00007ffbca2d0000 - 0x00007ffbca2ff000 	C:\WINDOWS\system32\DWMAPI.DLL
0x00007ffbc9f20000 - 0x00007ffbc9fbe000 	C:\WINDOWS\system32\uxtheme.dll
0x00007ffba7d30000 - 0x00007ffba7e58000 	C:\WINDOWS\system32\opengl32.dll
0x00007ffba8180000 - 0x00007ffba81ac000 	C:\WINDOWS\SYSTEM32\GLU32.dll
0x00007ffbcdf70000 - 0x00007ffbce085000 	C:\WINDOWS\System32\MSCTF.dll
0x00007ffbc7680000 - 0x00007ffbc76bb000 	C:\WINDOWS\SYSTEM32\dxcore.dll
0x00007ffbccb80000 - 0x00007ffbccbce000 	C:\WINDOWS\System32\cfgmgr32.dll
0x00007ffb8fb50000 - 0x00007ffb8fbd7000 	C:\Program Files\Java\jdk-22\bin\freetype.dll
0x00007ffb8fa70000 - 0x00007ffb8fb47000 	C:\Program Files\Java\jdk-22\bin\fontmanager.dll
0x00007ffbce7d0000 - 0x00007ffbce879000 	C:\WINDOWS\System32\clbcatq.dll
0x00007ffbc9cd0000 - 0x00007ffbc9e84000 	C:\WINDOWS\SYSTEM32\WindowsCodecs.dll
0x00007ffba3640000 - 0x00007ffba367e000 	C:\WINDOWS\system32\dataexchange.dll
0x00007ffbc8c70000 - 0x00007ffbc8e54000 	C:\WINDOWS\system32\dcomp.dll
0x00007ffbc8420000 - 0x00007ffbc8684000 	C:\WINDOWS\system32\d3d11.dll
0x00007ffbcaec0000 - 0x00007ffbcafb6000 	C:\WINDOWS\system32\dxgi.dll
0x00007ffbc9ac0000 - 0x00007ffbc9cc3000 	C:\WINDOWS\system32\twinapi.appcore.dll
0x00007ffbb5ae0000 - 0x00007ffbb5bd9000 	C:\WINDOWS\SYSTEM32\textinputframework.dll
0x00007ffbc95c0000 - 0x00007ffbc96b2000 	C:\WINDOWS\System32\CoreMessaging.dll
0x00007ffbc8ea0000 - 0x00007ffbc91fb000 	C:\WINDOWS\System32\CoreUIComponents.dll
0x00007ffbcb8c0000 - 0x00007ffbcb8f3000 	C:\WINDOWS\SYSTEM32\ntmarta.dll
0x00007ffbc7e60000 - 0x00007ffbc7fb7000 	C:\WINDOWS\SYSTEM32\wintypes.dll

dbghelp: loaded successfully - version: 4.0.5 - missing functions: none
symbol engine: initialized successfully - sym options: 0x614 - pdb path: .;C:\Program Files\Java\jdk-22\bin;C:\WINDOWS\SYSTEM32;C:\WINDOWS\WinSxS\amd64_microsoft.windows.common-controls_6595b64144ccf1df_6.0.19041.5794_none_60bcd33171f2783c;C:\Program Files\Java\jdk-22\bin\server

VM Arguments:
jvm_args: -Dfile.encoding=UTF-8 --module-path=C:\Users\theoc\Documents\NetBeansProjects\Assignment-Two\build\classes 
java_command: controller.Main
java_class_path (initial): C:\Users\theoc\Documents\NetBeansProjects\Assignment-Two\build\classes
Launcher Type: SUN_STANDARD

[Global flags]
     intx CICompilerCount                          = 3                                         {product} {ergonomic}
     uint ConcGCThreads                            = 1                                         {product} {ergonomic}
     uint G1ConcRefinementThreads                  = 4                                         {product} {ergonomic}
   size_t G1HeapRegionSize                         = 1048576                                   {product} {ergonomic}
   size_t InitialHeapSize                          = 134217728                                 {product} {ergonomic}
   size_t MarkStackSize                            = 4194304                                   {product} {ergonomic}
   size_t MaxHeapSize                              = 2124414976                                {product} {ergonomic}
   size_t MaxNewSize                               = 1274019840                                {product} {ergonomic}
   size_t MinHeapDeltaBytes                        = 1048576                                   {product} {ergonomic}
   size_t MinHeapSize                              = 8388608                                   {product} {ergonomic}
    uintx NonNMethodCodeHeapSize                   = 5832780                                {pd product} {ergonomic}
    uintx NonProfiledCodeHeapSize                  = 122912730                              {pd product} {ergonomic}
    uintx ProfiledCodeHeapSize                     = 122912730                              {pd product} {ergonomic}
    uintx ReservedCodeCacheSize                    = 251658240                              {pd product} {ergonomic}
     bool SegmentedCodeCache                       = true                                      {product} {ergonomic}
   size_t SoftMaxHeapSize                          = 2124414976                             {manageable} {ergonomic}
     bool UseCompressedOops                        = true                           {product lp64_product} {ergonomic}
     bool UseG1GC                                  = true                                      {product} {ergonomic}
     bool UseLargePagesIndividualAllocation        = false                                  {pd product} {ergonomic}

Logging:
Log output configuration:
 #0: stdout all=warning uptime,level,tags foldmultilines=false
 #1: stderr all=off uptime,level,tags foldmultilines=false

Environment Variables:
PATH=C:\Program Files\Common Files\Oracle\Java\javapath;C:\WINDOWS\system32;C:\WINDOWS;C:\WINDOWS\System32\Wbem;C:\WINDOWS\System32\WindowsPowerShell\v1.0\;C:\WINDOWS\System32\OpenSSH\;C:\Program Files\Git\cmd;C:\Program Files\dotnet\;C:\Users\theoc\AppData\Local\Programs\Python\Python312\Scripts\;C:\Users\theoc\AppData\Local\Programs\Python\Python312\;C:\Users\theoc\AppData\Local\Microsoft\WindowsApps;;C:\Users\theoc\AppData\Local\Programs\Microsoft VS Code\bin
USERNAME=theoc
OS=Windows_NT
PROCESSOR_IDENTIFIER=Intel64 Family 6 Model 61 Stepping 4, GenuineIntel
TMP=C:\Users\theoc\AppData\Local\Temp
TEMP=C:\Users\theoc\AppData\Local\Temp




Periodic native trim disabled

---------------  S Y S T E M  ---------------

OS:
 Windows 10 , 64 bit Build 19041 (10.0.19041.5794)
OS uptime: 26 days 4:58 hours
Hyper-V role detected

CPU: total 4 (initial active 4) (2 cores per cpu, 2 threads per core) family 6 model 61 stepping 4 microcode 0x2d, cx8, cmov, fxsr, ht, mmx, 3dnowpref, sse, sse2, sse3, ssse3, sse4.1, sse4.2, popcnt, lzcnt, tsc, tscinvbit, avx, avx2, aes, erms, clmul, bmi1, bmi2, adx, fma, vzeroupper, clflush, hv, rdtscp, f16c
Processor Information for all 4 processors :
  Max Mhz: 2195, Current Mhz: 2195, Mhz Limit: 2195

Memory: 4k page, system-wide physical 8098M (1409M free)
TotalPageFile size 15187M (AvailPageFile size 5799M)
current process WorkingSet (physical memory assigned to process): 79M, peak: 79M
current process commit charge ("private bytes"): 214M, peak: 215M

vm_info: Java HotSpot(TM) 64-Bit Server VM (22.0.2+9-70) for windows-amd64 JRE (22.0.2+9-70), built on 2024-06-04T16:52:23Z by "mach5one" with MS VC++ 17.6 (VS2022)

END.
